[Info  - 6:50:43 PM] Initialising intelephense 1.0.14
[Info  - 6:50:43 PM] Initialised in 33 ms
[Info  - 6:50:43 PM] Indexing started.
[Warn  - 6:50:44 PM] file:///opt/lampp/htdocs/ecommerce/vendor/fzaninotto/faker/src/Faker/Provider/nl_BE/Text.php is over the maximum file size of 1000000 bytes.
[Info  - 6:51:06 PM] Indexing ended. 4265 files indexed in 22s.
[Info  - 6:51:06 PM] Writing state to /opt/lampp/htdocs/ecommerce/User/workspaceStorage/0f3fe45b95151ee4f0eccd8326a6a060/bmewburn.vscode-intelephense-client/32c68fba.
[Info  - 6:51:07 PM] Wrote state in 0.9s.
[Info  - 7:03:18 PM] Indexing started.
[Info  - 7:03:18 PM] Indexing ended. 2 files indexed in 0s.
[Info  - 7:06:07 PM] Indexing started.
[Info  - 7:06:07 PM] Indexing ended. 1 files indexed in 0s.
[Info  - 7:11:52 PM] Indexing started.
[Info  - 7:11:52 PM] Indexing ended. 2 files indexed in 0s.
[Info  - 7:12:39 PM] Indexing started.
[Info  - 7:12:39 PM] Indexing ended. 1 files indexed in 0s.
[Info  - 7:13:23 PM] Indexing started.
[Info  - 7:13:23 PM] Indexing ended. 1 files indexed in 0s.
[Info  - 7:33:36 PM] Indexing started.
[Info  - 7:33:36 PM] Indexing ended. 1 files indexed in 0s.
[Info  - 7:37:48 PM] Indexing started.
[Info  - 7:37:48 PM] Indexing ended. 1 files indexed in 0s.
[Info  - 7:41:37 PM] Indexing started.
[Info  - 7:41:38 PM] Indexing ended. 1 files indexed in 0s.
[Info  - 7:42:01 PM] Indexing started.
[Info  - 7:42:01 PM] Indexing ended. 1 files indexed in 0s.
[Info  - 7:44:07 PM] Indexing started.
[Info  - 7:44:08 PM] Indexing ended. 1 files indexed in 0s.
[Info  - 7:44:24 PM] Indexing started.
[Info  - 7:44:24 PM] Indexing ended. 1 files indexed in 0s.
[Info  - 7:45:53 PM] Indexing started.
[Info  - 7:45:53 PM] Indexing ended. 1 files indexed in 0s.
[Info  - 7:48:00 PM] Indexing started.
[Info  - 7:48:00 PM] Indexing ended. 1 files indexed in 0s.
[Info  - 7:50:09 PM] Indexing started.
[Info  - 7:50:09 PM] Indexing ended. 2 files indexed in 0s.
[Info  - 7:51:39 PM] Indexing started.
[Info  - 7:51:39 PM] Indexing ended. 1 files indexed in 0s.
[Info  - 8:12:23 PM] Indexing started.
[Info  - 8:12:23 PM] Indexing ended. 1 files indexed in 0s.
[Info  - 8:42:08 PM] Indexing started.
[Info  - 8:42:08 PM] Indexing ended. 1 files indexed in 0s.
[Info  - 8:43:31 PM] Indexing started.
[Info  - 8:43:31 PM] Indexing ended. 1 files indexed in 0s.
[Info  - 8:46:44 PM] Indexing started.
[Info  - 8:46:44 PM] Indexing ended. 2 files indexed in 0s.
[Info  - 8:48:34 PM] Indexing started.
[Info  - 8:48:35 PM] Indexing ended. 1 files indexed in 0s.
[Info  - 9:21:20 PM] Indexing started.
[Info  - 9:21:20 PM] Indexing ended. 1 files indexed in 0s.
[Info  - 9:38:07 PM] Indexing started.
[Info  - 9:38:08 PM] Indexing ended. 1 files indexed in 0s.
[Info  - 9:41:08 PM] Indexing started.
[Info  - 9:41:08 PM] Indexing ended. 1 files indexed in 0s.
[Info  - 9:43:13 PM] Indexing started.
[Info  - 9:43:13 PM] Indexing ended. 1 files indexed in 0s.
