[2019-06-12 18:50:42.738] [renderer1] [error] Error: Error: ENOENT: no such file or directory, stat '/opt/lampp/htdocs/ecommerce/.vscode'
[2019-06-12 18:54:35.556] [renderer1] [error] Illegal argument: character must be non-negative: Error: Illegal argument: character must be non-negative
	at Object.t.illegalArgument (/snap/code/8/usr/share/code/resources/app/out/vs/workbench/services/extensions/node/extensionHostProcess.js:12:612)
	at new m (/snap/code/8/usr/share/code/resources/app/out/vs/workbench/services/extensions/node/extensionHostProcess.js:334:312)
	at new m (/snap/code/8/usr/share/code/resources/app/out/vs/workbench/services/extensions/node/extensionHostProcess.js:333:525)
	at asPosition (/home/mostafa/.vscode/extensions/felixfbecker.php-intellisense-2.3.10/node_modules/vscode-languageclient/lib/protocolConverter.js:53:16)
	at asRange (/home/mostafa/.vscode/extensions/felixfbecker.php-intellisense-2.3.10/node_modules/vscode-languageclient/lib/protocolConverter.js:59:31)
	at asHover (/home/mostafa/.vscode/extensions/felixfbecker.php-intellisense-2.3.10/node_modules/vscode-languageclient/lib/protocolConverter.js:134:63)
[2019-06-12 18:59:15.684] [renderer1] [error] Illegal argument: character must be non-negative: Error: Illegal argument: character must be non-negative
	at Object.t.illegalArgument (/snap/code/8/usr/share/code/resources/app/out/vs/workbench/services/extensions/node/extensionHostProcess.js:12:612)
	at new m (/snap/code/8/usr/share/code/resources/app/out/vs/workbench/services/extensions/node/extensionHostProcess.js:334:312)
	at new m (/snap/code/8/usr/share/code/resources/app/out/vs/workbench/services/extensions/node/extensionHostProcess.js:333:525)
	at asPosition (/home/mostafa/.vscode/extensions/felixfbecker.php-intellisense-2.3.10/node_modules/vscode-languageclient/lib/protocolConverter.js:53:16)
	at asRange (/home/mostafa/.vscode/extensions/felixfbecker.php-intellisense-2.3.10/node_modules/vscode-languageclient/lib/protocolConverter.js:59:31)
	at asHover (/home/mostafa/.vscode/extensions/felixfbecker.php-intellisense-2.3.10/node_modules/vscode-languageclient/lib/protocolConverter.js:134:63)
[2019-06-12 19:01:55.000] [renderer1] [error] Illegal argument: character must be non-negative: Error: Illegal argument: character must be non-negative
	at Object.t.illegalArgument (/snap/code/8/usr/share/code/resources/app/out/vs/workbench/services/extensions/node/extensionHostProcess.js:12:612)
	at new m (/snap/code/8/usr/share/code/resources/app/out/vs/workbench/services/extensions/node/extensionHostProcess.js:334:312)
	at new m (/snap/code/8/usr/share/code/resources/app/out/vs/workbench/services/extensions/node/extensionHostProcess.js:333:525)
	at asPosition (/home/mostafa/.vscode/extensions/felixfbecker.php-intellisense-2.3.10/node_modules/vscode-languageclient/lib/protocolConverter.js:53:16)
	at asRange (/home/mostafa/.vscode/extensions/felixfbecker.php-intellisense-2.3.10/node_modules/vscode-languageclient/lib/protocolConverter.js:59:31)
	at asHover (/home/mostafa/.vscode/extensions/felixfbecker.php-intellisense-2.3.10/node_modules/vscode-languageclient/lib/protocolConverter.js:134:63)
[2019-06-12 19:01:56.066] [renderer1] [error] Illegal argument: character must be non-negative: Error: Illegal argument: character must be non-negative
	at Object.t.illegalArgument (/snap/code/8/usr/share/code/resources/app/out/vs/workbench/services/extensions/node/extensionHostProcess.js:12:612)
	at new m (/snap/code/8/usr/share/code/resources/app/out/vs/workbench/services/extensions/node/extensionHostProcess.js:334:312)
	at new m (/snap/code/8/usr/share/code/resources/app/out/vs/workbench/services/extensions/node/extensionHostProcess.js:333:525)
	at asPosition (/home/mostafa/.vscode/extensions/felixfbecker.php-intellisense-2.3.10/node_modules/vscode-languageclient/lib/protocolConverter.js:53:16)
	at asRange (/home/mostafa/.vscode/extensions/felixfbecker.php-intellisense-2.3.10/node_modules/vscode-languageclient/lib/protocolConverter.js:59:31)
	at asHover (/home/mostafa/.vscode/extensions/felixfbecker.php-intellisense-2.3.10/node_modules/vscode-languageclient/lib/protocolConverter.js:134:63)
[2019-06-12 19:02:12.094] [renderer1] [error] Illegal argument: character must be non-negative: Error: Illegal argument: character must be non-negative
	at Object.t.illegalArgument (/snap/code/8/usr/share/code/resources/app/out/vs/workbench/services/extensions/node/extensionHostProcess.js:12:612)
	at new m (/snap/code/8/usr/share/code/resources/app/out/vs/workbench/services/extensions/node/extensionHostProcess.js:334:312)
	at new m (/snap/code/8/usr/share/code/resources/app/out/vs/workbench/services/extensions/node/extensionHostProcess.js:333:525)
	at asPosition (/home/mostafa/.vscode/extensions/felixfbecker.php-intellisense-2.3.10/node_modules/vscode-languageclient/lib/protocolConverter.js:53:16)
	at asRange (/home/mostafa/.vscode/extensions/felixfbecker.php-intellisense-2.3.10/node_modules/vscode-languageclient/lib/protocolConverter.js:59:31)
	at asHover (/home/mostafa/.vscode/extensions/felixfbecker.php-intellisense-2.3.10/node_modules/vscode-languageclient/lib/protocolConverter.js:134:63)
[2019-06-12 19:03:31.189] [renderer1] [error] Illegal argument: character must be non-negative: Error: Illegal argument: character must be non-negative
	at Object.t.illegalArgument (/snap/code/8/usr/share/code/resources/app/out/vs/workbench/services/extensions/node/extensionHostProcess.js:12:612)
	at new m (/snap/code/8/usr/share/code/resources/app/out/vs/workbench/services/extensions/node/extensionHostProcess.js:334:312)
	at new m (/snap/code/8/usr/share/code/resources/app/out/vs/workbench/services/extensions/node/extensionHostProcess.js:333:525)
	at asPosition (/home/mostafa/.vscode/extensions/felixfbecker.php-intellisense-2.3.10/node_modules/vscode-languageclient/lib/protocolConverter.js:53:16)
	at asRange (/home/mostafa/.vscode/extensions/felixfbecker.php-intellisense-2.3.10/node_modules/vscode-languageclient/lib/protocolConverter.js:59:31)
	at asHover (/home/mostafa/.vscode/extensions/felixfbecker.php-intellisense-2.3.10/node_modules/vscode-languageclient/lib/protocolConverter.js:134:63)
[2019-06-12 19:03:32.481] [renderer1] [error] Illegal argument: character must be non-negative: Error: Illegal argument: character must be non-negative
	at Object.t.illegalArgument (/snap/code/8/usr/share/code/resources/app/out/vs/workbench/services/extensions/node/extensionHostProcess.js:12:612)
	at new m (/snap/code/8/usr/share/code/resources/app/out/vs/workbench/services/extensions/node/extensionHostProcess.js:334:312)
	at new m (/snap/code/8/usr/share/code/resources/app/out/vs/workbench/services/extensions/node/extensionHostProcess.js:333:525)
	at asPosition (/home/mostafa/.vscode/extensions/felixfbecker.php-intellisense-2.3.10/node_modules/vscode-languageclient/lib/protocolConverter.js:53:16)
	at asRange (/home/mostafa/.vscode/extensions/felixfbecker.php-intellisense-2.3.10/node_modules/vscode-languageclient/lib/protocolConverter.js:59:31)
	at asHover (/home/mostafa/.vscode/extensions/felixfbecker.php-intellisense-2.3.10/node_modules/vscode-languageclient/lib/protocolConverter.js:134:63)
[2019-06-12 19:05:06.274] [renderer1] [error] Illegal argument: character must be non-negative: Error: Illegal argument: character must be non-negative
	at Object.t.illegalArgument (/snap/code/8/usr/share/code/resources/app/out/vs/workbench/services/extensions/node/extensionHostProcess.js:12:612)
	at new m (/snap/code/8/usr/share/code/resources/app/out/vs/workbench/services/extensions/node/extensionHostProcess.js:334:312)
	at new m (/snap/code/8/usr/share/code/resources/app/out/vs/workbench/services/extensions/node/extensionHostProcess.js:333:525)
	at asPosition (/home/mostafa/.vscode/extensions/felixfbecker.php-intellisense-2.3.10/node_modules/vscode-languageclient/lib/protocolConverter.js:53:16)
	at asRange (/home/mostafa/.vscode/extensions/felixfbecker.php-intellisense-2.3.10/node_modules/vscode-languageclient/lib/protocolConverter.js:59:31)
	at asHover (/home/mostafa/.vscode/extensions/felixfbecker.php-intellisense-2.3.10/node_modules/vscode-languageclient/lib/protocolConverter.js:134:63)
[2019-06-12 19:05:09.936] [renderer1] [error] Illegal argument: character must be non-negative: Error: Illegal argument: character must be non-negative
	at Object.t.illegalArgument (/snap/code/8/usr/share/code/resources/app/out/vs/workbench/services/extensions/node/extensionHostProcess.js:12:612)
	at new m (/snap/code/8/usr/share/code/resources/app/out/vs/workbench/services/extensions/node/extensionHostProcess.js:334:312)
	at new m (/snap/code/8/usr/share/code/resources/app/out/vs/workbench/services/extensions/node/extensionHostProcess.js:333:525)
	at asPosition (/home/mostafa/.vscode/extensions/felixfbecker.php-intellisense-2.3.10/node_modules/vscode-languageclient/lib/protocolConverter.js:53:16)
	at asRange (/home/mostafa/.vscode/extensions/felixfbecker.php-intellisense-2.3.10/node_modules/vscode-languageclient/lib/protocolConverter.js:59:31)
	at asHover (/home/mostafa/.vscode/extensions/felixfbecker.php-intellisense-2.3.10/node_modules/vscode-languageclient/lib/protocolConverter.js:134:63)
[2019-06-12 19:05:12.922] [renderer1] [error] Illegal argument: character must be non-negative: Error: Illegal argument: character must be non-negative
	at Object.t.illegalArgument (/snap/code/8/usr/share/code/resources/app/out/vs/workbench/services/extensions/node/extensionHostProcess.js:12:612)
	at new m (/snap/code/8/usr/share/code/resources/app/out/vs/workbench/services/extensions/node/extensionHostProcess.js:334:312)
	at new m (/snap/code/8/usr/share/code/resources/app/out/vs/workbench/services/extensions/node/extensionHostProcess.js:333:525)
	at asPosition (/home/mostafa/.vscode/extensions/felixfbecker.php-intellisense-2.3.10/node_modules/vscode-languageclient/lib/protocolConverter.js:53:16)
	at asRange (/home/mostafa/.vscode/extensions/felixfbecker.php-intellisense-2.3.10/node_modules/vscode-languageclient/lib/protocolConverter.js:59:31)
	at asHover (/home/mostafa/.vscode/extensions/felixfbecker.php-intellisense-2.3.10/node_modules/vscode-languageclient/lib/protocolConverter.js:134:63)
[2019-06-12 19:05:16.972] [renderer1] [error] Illegal argument: character must be non-negative: Error: Illegal argument: character must be non-negative
	at Object.t.illegalArgument (/snap/code/8/usr/share/code/resources/app/out/vs/workbench/services/extensions/node/extensionHostProcess.js:12:612)
	at new m (/snap/code/8/usr/share/code/resources/app/out/vs/workbench/services/extensions/node/extensionHostProcess.js:334:312)
	at new m (/snap/code/8/usr/share/code/resources/app/out/vs/workbench/services/extensions/node/extensionHostProcess.js:333:525)
	at asPosition (/home/mostafa/.vscode/extensions/felixfbecker.php-intellisense-2.3.10/node_modules/vscode-languageclient/lib/protocolConverter.js:53:16)
	at asRange (/home/mostafa/.vscode/extensions/felixfbecker.php-intellisense-2.3.10/node_modules/vscode-languageclient/lib/protocolConverter.js:59:31)
	at asHover (/home/mostafa/.vscode/extensions/felixfbecker.php-intellisense-2.3.10/node_modules/vscode-languageclient/lib/protocolConverter.js:134:63)
[2019-06-12 19:05:20.006] [renderer1] [error] Illegal argument: character must be non-negative: Error: Illegal argument: character must be non-negative
	at Object.t.illegalArgument (/snap/code/8/usr/share/code/resources/app/out/vs/workbench/services/extensions/node/extensionHostProcess.js:12:612)
	at new m (/snap/code/8/usr/share/code/resources/app/out/vs/workbench/services/extensions/node/extensionHostProcess.js:334:312)
	at new m (/snap/code/8/usr/share/code/resources/app/out/vs/workbench/services/extensions/node/extensionHostProcess.js:333:525)
	at asPosition (/home/mostafa/.vscode/extensions/felixfbecker.php-intellisense-2.3.10/node_modules/vscode-languageclient/lib/protocolConverter.js:53:16)
	at asRange (/home/mostafa/.vscode/extensions/felixfbecker.php-intellisense-2.3.10/node_modules/vscode-languageclient/lib/protocolConverter.js:59:31)
	at asHover (/home/mostafa/.vscode/extensions/felixfbecker.php-intellisense-2.3.10/node_modules/vscode-languageclient/lib/protocolConverter.js:134:63)
[2019-06-12 19:05:25.837] [renderer1] [error] Illegal argument: character must be non-negative: Error: Illegal argument: character must be non-negative
	at Object.t.illegalArgument (/snap/code/8/usr/share/code/resources/app/out/vs/workbench/services/extensions/node/extensionHostProcess.js:12:612)
	at new m (/snap/code/8/usr/share/code/resources/app/out/vs/workbench/services/extensions/node/extensionHostProcess.js:334:312)
	at new m (/snap/code/8/usr/share/code/resources/app/out/vs/workbench/services/extensions/node/extensionHostProcess.js:333:525)
	at asPosition (/home/mostafa/.vscode/extensions/felixfbecker.php-intellisense-2.3.10/node_modules/vscode-languageclient/lib/protocolConverter.js:53:16)
	at asRange (/home/mostafa/.vscode/extensions/felixfbecker.php-intellisense-2.3.10/node_modules/vscode-languageclient/lib/protocolConverter.js:59:31)
	at asHover (/home/mostafa/.vscode/extensions/felixfbecker.php-intellisense-2.3.10/node_modules/vscode-languageclient/lib/protocolConverter.js:134:63)
[2019-06-12 19:05:28.618] [renderer1] [error] Illegal argument: character must be non-negative: Error: Illegal argument: character must be non-negative
	at Object.t.illegalArgument (/snap/code/8/usr/share/code/resources/app/out/vs/workbench/services/extensions/node/extensionHostProcess.js:12:612)
	at new m (/snap/code/8/usr/share/code/resources/app/out/vs/workbench/services/extensions/node/extensionHostProcess.js:334:312)
	at new m (/snap/code/8/usr/share/code/resources/app/out/vs/workbench/services/extensions/node/extensionHostProcess.js:333:525)
	at asPosition (/home/mostafa/.vscode/extensions/felixfbecker.php-intellisense-2.3.10/node_modules/vscode-languageclient/lib/protocolConverter.js:53:16)
	at asRange (/home/mostafa/.vscode/extensions/felixfbecker.php-intellisense-2.3.10/node_modules/vscode-languageclient/lib/protocolConverter.js:59:31)
	at asHover (/home/mostafa/.vscode/extensions/felixfbecker.php-intellisense-2.3.10/node_modules/vscode-languageclient/lib/protocolConverter.js:134:63)
[2019-06-12 19:05:30.223] [renderer1] [error] Illegal argument: character must be non-negative: Error: Illegal argument: character must be non-negative
	at Object.t.illegalArgument (/snap/code/8/usr/share/code/resources/app/out/vs/workbench/services/extensions/node/extensionHostProcess.js:12:612)
	at new m (/snap/code/8/usr/share/code/resources/app/out/vs/workbench/services/extensions/node/extensionHostProcess.js:334:312)
	at new m (/snap/code/8/usr/share/code/resources/app/out/vs/workbench/services/extensions/node/extensionHostProcess.js:333:525)
	at asPosition (/home/mostafa/.vscode/extensions/felixfbecker.php-intellisense-2.3.10/node_modules/vscode-languageclient/lib/protocolConverter.js:53:16)
	at asRange (/home/mostafa/.vscode/extensions/felixfbecker.php-intellisense-2.3.10/node_modules/vscode-languageclient/lib/protocolConverter.js:59:31)
	at asHover (/home/mostafa/.vscode/extensions/felixfbecker.php-intellisense-2.3.10/node_modules/vscode-languageclient/lib/protocolConverter.js:134:63)
[2019-06-12 19:05:58.846] [renderer1] [error] Illegal argument: character must be non-negative: Error: Illegal argument: character must be non-negative
	at Object.t.illegalArgument (/snap/code/8/usr/share/code/resources/app/out/vs/workbench/services/extensions/node/extensionHostProcess.js:12:612)
	at new m (/snap/code/8/usr/share/code/resources/app/out/vs/workbench/services/extensions/node/extensionHostProcess.js:334:312)
	at new m (/snap/code/8/usr/share/code/resources/app/out/vs/workbench/services/extensions/node/extensionHostProcess.js:333:525)
	at asPosition (/home/mostafa/.vscode/extensions/felixfbecker.php-intellisense-2.3.10/node_modules/vscode-languageclient/lib/protocolConverter.js:53:16)
	at asRange (/home/mostafa/.vscode/extensions/felixfbecker.php-intellisense-2.3.10/node_modules/vscode-languageclient/lib/protocolConverter.js:59:31)
	at asHover (/home/mostafa/.vscode/extensions/felixfbecker.php-intellisense-2.3.10/node_modules/vscode-languageclient/lib/protocolConverter.js:134:63)
[2019-06-12 19:10:19.376] [renderer1] [error] Illegal argument: character must be non-negative: Error: Illegal argument: character must be non-negative
	at Object.t.illegalArgument (/snap/code/8/usr/share/code/resources/app/out/vs/workbench/services/extensions/node/extensionHostProcess.js:12:612)
	at new m (/snap/code/8/usr/share/code/resources/app/out/vs/workbench/services/extensions/node/extensionHostProcess.js:334:312)
	at new m (/snap/code/8/usr/share/code/resources/app/out/vs/workbench/services/extensions/node/extensionHostProcess.js:333:525)
	at asPosition (/home/mostafa/.vscode/extensions/felixfbecker.php-intellisense-2.3.10/node_modules/vscode-languageclient/lib/protocolConverter.js:53:16)
	at asRange (/home/mostafa/.vscode/extensions/felixfbecker.php-intellisense-2.3.10/node_modules/vscode-languageclient/lib/protocolConverter.js:59:31)
	at asHover (/home/mostafa/.vscode/extensions/felixfbecker.php-intellisense-2.3.10/node_modules/vscode-languageclient/lib/protocolConverter.js:134:63)
[2019-06-12 19:11:15.779] [renderer1] [error] Illegal argument: character must be non-negative: Error: Illegal argument: character must be non-negative
	at Object.t.illegalArgument (/snap/code/8/usr/share/code/resources/app/out/vs/workbench/services/extensions/node/extensionHostProcess.js:12:612)
	at new m (/snap/code/8/usr/share/code/resources/app/out/vs/workbench/services/extensions/node/extensionHostProcess.js:334:312)
	at new m (/snap/code/8/usr/share/code/resources/app/out/vs/workbench/services/extensions/node/extensionHostProcess.js:333:525)
	at asPosition (/home/mostafa/.vscode/extensions/felixfbecker.php-intellisense-2.3.10/node_modules/vscode-languageclient/lib/protocolConverter.js:53:16)
	at asRange (/home/mostafa/.vscode/extensions/felixfbecker.php-intellisense-2.3.10/node_modules/vscode-languageclient/lib/protocolConverter.js:59:31)
	at asHover (/home/mostafa/.vscode/extensions/felixfbecker.php-intellisense-2.3.10/node_modules/vscode-languageclient/lib/protocolConverter.js:134:63)
[2019-06-12 19:11:30.706] [renderer1] [error] Illegal argument: character must be non-negative: Error: Illegal argument: character must be non-negative
	at Object.t.illegalArgument (/snap/code/8/usr/share/code/resources/app/out/vs/workbench/services/extensions/node/extensionHostProcess.js:12:612)
	at new m (/snap/code/8/usr/share/code/resources/app/out/vs/workbench/services/extensions/node/extensionHostProcess.js:334:312)
	at new m (/snap/code/8/usr/share/code/resources/app/out/vs/workbench/services/extensions/node/extensionHostProcess.js:333:525)
	at asPosition (/home/mostafa/.vscode/extensions/felixfbecker.php-intellisense-2.3.10/node_modules/vscode-languageclient/lib/protocolConverter.js:53:16)
	at asRange (/home/mostafa/.vscode/extensions/felixfbecker.php-intellisense-2.3.10/node_modules/vscode-languageclient/lib/protocolConverter.js:59:31)
	at asHover (/home/mostafa/.vscode/extensions/felixfbecker.php-intellisense-2.3.10/node_modules/vscode-languageclient/lib/protocolConverter.js:134:63)
[2019-06-12 19:11:34.158] [renderer1] [error] Illegal argument: character must be non-negative: Error: Illegal argument: character must be non-negative
	at Object.t.illegalArgument (/snap/code/8/usr/share/code/resources/app/out/vs/workbench/services/extensions/node/extensionHostProcess.js:12:612)
	at new m (/snap/code/8/usr/share/code/resources/app/out/vs/workbench/services/extensions/node/extensionHostProcess.js:334:312)
	at new m (/snap/code/8/usr/share/code/resources/app/out/vs/workbench/services/extensions/node/extensionHostProcess.js:333:525)
	at asPosition (/home/mostafa/.vscode/extensions/felixfbecker.php-intellisense-2.3.10/node_modules/vscode-languageclient/lib/protocolConverter.js:53:16)
	at asRange (/home/mostafa/.vscode/extensions/felixfbecker.php-intellisense-2.3.10/node_modules/vscode-languageclient/lib/protocolConverter.js:59:31)
	at asHover (/home/mostafa/.vscode/extensions/felixfbecker.php-intellisense-2.3.10/node_modules/vscode-languageclient/lib/protocolConverter.js:134:63)
[2019-06-12 19:11:39.994] [renderer1] [error] Illegal argument: character must be non-negative: Error: Illegal argument: character must be non-negative
	at Object.t.illegalArgument (/snap/code/8/usr/share/code/resources/app/out/vs/workbench/services/extensions/node/extensionHostProcess.js:12:612)
	at new m (/snap/code/8/usr/share/code/resources/app/out/vs/workbench/services/extensions/node/extensionHostProcess.js:334:312)
	at new m (/snap/code/8/usr/share/code/resources/app/out/vs/workbench/services/extensions/node/extensionHostProcess.js:333:525)
	at asPosition (/home/mostafa/.vscode/extensions/felixfbecker.php-intellisense-2.3.10/node_modules/vscode-languageclient/lib/protocolConverter.js:53:16)
	at asRange (/home/mostafa/.vscode/extensions/felixfbecker.php-intellisense-2.3.10/node_modules/vscode-languageclient/lib/protocolConverter.js:59:31)
	at asHover (/home/mostafa/.vscode/extensions/felixfbecker.php-intellisense-2.3.10/node_modules/vscode-languageclient/lib/protocolConverter.js:134:63)
[2019-06-12 19:11:41.522] [renderer1] [error] Illegal argument: character must be non-negative: Error: Illegal argument: character must be non-negative
	at Object.t.illegalArgument (/snap/code/8/usr/share/code/resources/app/out/vs/workbench/services/extensions/node/extensionHostProcess.js:12:612)
	at new m (/snap/code/8/usr/share/code/resources/app/out/vs/workbench/services/extensions/node/extensionHostProcess.js:334:312)
	at new m (/snap/code/8/usr/share/code/resources/app/out/vs/workbench/services/extensions/node/extensionHostProcess.js:333:525)
	at asPosition (/home/mostafa/.vscode/extensions/felixfbecker.php-intellisense-2.3.10/node_modules/vscode-languageclient/lib/protocolConverter.js:53:16)
	at asRange (/home/mostafa/.vscode/extensions/felixfbecker.php-intellisense-2.3.10/node_modules/vscode-languageclient/lib/protocolConverter.js:59:31)
	at asHover (/home/mostafa/.vscode/extensions/felixfbecker.php-intellisense-2.3.10/node_modules/vscode-languageclient/lib/protocolConverter.js:134:63)
[2019-06-12 19:11:59.357] [renderer1] [error] Illegal argument: character must be non-negative: Error: Illegal argument: character must be non-negative
	at Object.t.illegalArgument (/snap/code/8/usr/share/code/resources/app/out/vs/workbench/services/extensions/node/extensionHostProcess.js:12:612)
	at new m (/snap/code/8/usr/share/code/resources/app/out/vs/workbench/services/extensions/node/extensionHostProcess.js:334:312)
	at new m (/snap/code/8/usr/share/code/resources/app/out/vs/workbench/services/extensions/node/extensionHostProcess.js:333:525)
	at asPosition (/home/mostafa/.vscode/extensions/felixfbecker.php-intellisense-2.3.10/node_modules/vscode-languageclient/lib/protocolConverter.js:53:16)
	at asRange (/home/mostafa/.vscode/extensions/felixfbecker.php-intellisense-2.3.10/node_modules/vscode-languageclient/lib/protocolConverter.js:59:31)
	at asHover (/home/mostafa/.vscode/extensions/felixfbecker.php-intellisense-2.3.10/node_modules/vscode-languageclient/lib/protocolConverter.js:134:63)
[2019-06-12 19:12:36.098] [renderer1] [error] Illegal argument: character must be non-negative: Error: Illegal argument: character must be non-negative
	at Object.t.illegalArgument (/snap/code/8/usr/share/code/resources/app/out/vs/workbench/services/extensions/node/extensionHostProcess.js:12:612)
	at new m (/snap/code/8/usr/share/code/resources/app/out/vs/workbench/services/extensions/node/extensionHostProcess.js:334:312)
	at new m (/snap/code/8/usr/share/code/resources/app/out/vs/workbench/services/extensions/node/extensionHostProcess.js:333:525)
	at asPosition (/home/mostafa/.vscode/extensions/felixfbecker.php-intellisense-2.3.10/node_modules/vscode-languageclient/lib/protocolConverter.js:53:16)
	at asRange (/home/mostafa/.vscode/extensions/felixfbecker.php-intellisense-2.3.10/node_modules/vscode-languageclient/lib/protocolConverter.js:59:31)
	at asHover (/home/mostafa/.vscode/extensions/felixfbecker.php-intellisense-2.3.10/node_modules/vscode-languageclient/lib/protocolConverter.js:134:63)
[2019-06-12 19:13:03.072] [renderer1] [error] Illegal argument: character must be non-negative: Error: Illegal argument: character must be non-negative
	at Object.t.illegalArgument (/snap/code/8/usr/share/code/resources/app/out/vs/workbench/services/extensions/node/extensionHostProcess.js:12:612)
	at new m (/snap/code/8/usr/share/code/resources/app/out/vs/workbench/services/extensions/node/extensionHostProcess.js:334:312)
	at new m (/snap/code/8/usr/share/code/resources/app/out/vs/workbench/services/extensions/node/extensionHostProcess.js:333:525)
	at asPosition (/home/mostafa/.vscode/extensions/felixfbecker.php-intellisense-2.3.10/node_modules/vscode-languageclient/lib/protocolConverter.js:53:16)
	at asRange (/home/mostafa/.vscode/extensions/felixfbecker.php-intellisense-2.3.10/node_modules/vscode-languageclient/lib/protocolConverter.js:59:31)
	at asHover (/home/mostafa/.vscode/extensions/felixfbecker.php-intellisense-2.3.10/node_modules/vscode-languageclient/lib/protocolConverter.js:134:63)
[2019-06-12 19:34:07.488] [renderer1] [error] Illegal argument: character must be non-negative: Error: Illegal argument: character must be non-negative
	at Object.t.illegalArgument (/snap/code/8/usr/share/code/resources/app/out/vs/workbench/services/extensions/node/extensionHostProcess.js:12:612)
	at new m (/snap/code/8/usr/share/code/resources/app/out/vs/workbench/services/extensions/node/extensionHostProcess.js:334:312)
	at new m (/snap/code/8/usr/share/code/resources/app/out/vs/workbench/services/extensions/node/extensionHostProcess.js:333:525)
	at asPosition (/home/mostafa/.vscode/extensions/felixfbecker.php-intellisense-2.3.10/node_modules/vscode-languageclient/lib/protocolConverter.js:53:16)
	at asRange (/home/mostafa/.vscode/extensions/felixfbecker.php-intellisense-2.3.10/node_modules/vscode-languageclient/lib/protocolConverter.js:59:31)
	at asHover (/home/mostafa/.vscode/extensions/felixfbecker.php-intellisense-2.3.10/node_modules/vscode-languageclient/lib/protocolConverter.js:134:63)
[2019-06-12 19:37:29.775] [renderer1] [error] Illegal argument: character must be non-negative: Error: Illegal argument: character must be non-negative
	at Object.t.illegalArgument (/snap/code/8/usr/share/code/resources/app/out/vs/workbench/services/extensions/node/extensionHostProcess.js:12:612)
	at new m (/snap/code/8/usr/share/code/resources/app/out/vs/workbench/services/extensions/node/extensionHostProcess.js:334:312)
	at new m (/snap/code/8/usr/share/code/resources/app/out/vs/workbench/services/extensions/node/extensionHostProcess.js:333:525)
	at asPosition (/home/mostafa/.vscode/extensions/felixfbecker.php-intellisense-2.3.10/node_modules/vscode-languageclient/lib/protocolConverter.js:53:16)
	at asRange (/home/mostafa/.vscode/extensions/felixfbecker.php-intellisense-2.3.10/node_modules/vscode-languageclient/lib/protocolConverter.js:59:31)
	at asHover (/home/mostafa/.vscode/extensions/felixfbecker.php-intellisense-2.3.10/node_modules/vscode-languageclient/lib/protocolConverter.js:134:63)
[2019-06-12 19:37:37.184] [renderer1] [error] Illegal argument: character must be non-negative: Error: Illegal argument: character must be non-negative
	at Object.t.illegalArgument (/snap/code/8/usr/share/code/resources/app/out/vs/workbench/services/extensions/node/extensionHostProcess.js:12:612)
	at new m (/snap/code/8/usr/share/code/resources/app/out/vs/workbench/services/extensions/node/extensionHostProcess.js:334:312)
	at new m (/snap/code/8/usr/share/code/resources/app/out/vs/workbench/services/extensions/node/extensionHostProcess.js:333:525)
	at asPosition (/home/mostafa/.vscode/extensions/felixfbecker.php-intellisense-2.3.10/node_modules/vscode-languageclient/lib/protocolConverter.js:53:16)
	at asRange (/home/mostafa/.vscode/extensions/felixfbecker.php-intellisense-2.3.10/node_modules/vscode-languageclient/lib/protocolConverter.js:59:31)
	at asHover (/home/mostafa/.vscode/extensions/felixfbecker.php-intellisense-2.3.10/node_modules/vscode-languageclient/lib/protocolConverter.js:134:63)
[2019-06-12 19:37:39.970] [renderer1] [error] Illegal argument: character must be non-negative: Error: Illegal argument: character must be non-negative
	at Object.t.illegalArgument (/snap/code/8/usr/share/code/resources/app/out/vs/workbench/services/extensions/node/extensionHostProcess.js:12:612)
	at new m (/snap/code/8/usr/share/code/resources/app/out/vs/workbench/services/extensions/node/extensionHostProcess.js:334:312)
	at new m (/snap/code/8/usr/share/code/resources/app/out/vs/workbench/services/extensions/node/extensionHostProcess.js:333:525)
	at asPosition (/home/mostafa/.vscode/extensions/felixfbecker.php-intellisense-2.3.10/node_modules/vscode-languageclient/lib/protocolConverter.js:53:16)
	at asRange (/home/mostafa/.vscode/extensions/felixfbecker.php-intellisense-2.3.10/node_modules/vscode-languageclient/lib/protocolConverter.js:59:31)
	at asHover (/home/mostafa/.vscode/extensions/felixfbecker.php-intellisense-2.3.10/node_modules/vscode-languageclient/lib/protocolConverter.js:134:63)
[2019-06-12 19:37:41.898] [renderer1] [error] Illegal argument: character must be non-negative: Error: Illegal argument: character must be non-negative
	at Object.t.illegalArgument (/snap/code/8/usr/share/code/resources/app/out/vs/workbench/services/extensions/node/extensionHostProcess.js:12:612)
	at new m (/snap/code/8/usr/share/code/resources/app/out/vs/workbench/services/extensions/node/extensionHostProcess.js:334:312)
	at new m (/snap/code/8/usr/share/code/resources/app/out/vs/workbench/services/extensions/node/extensionHostProcess.js:333:525)
	at asPosition (/home/mostafa/.vscode/extensions/felixfbecker.php-intellisense-2.3.10/node_modules/vscode-languageclient/lib/protocolConverter.js:53:16)
	at asRange (/home/mostafa/.vscode/extensions/felixfbecker.php-intellisense-2.3.10/node_modules/vscode-languageclient/lib/protocolConverter.js:59:31)
	at asHover (/home/mostafa/.vscode/extensions/felixfbecker.php-intellisense-2.3.10/node_modules/vscode-languageclient/lib/protocolConverter.js:134:63)
[2019-06-12 19:37:43.661] [renderer1] [error] Illegal argument: character must be non-negative: Error: Illegal argument: character must be non-negative
	at Object.t.illegalArgument (/snap/code/8/usr/share/code/resources/app/out/vs/workbench/services/extensions/node/extensionHostProcess.js:12:612)
	at new m (/snap/code/8/usr/share/code/resources/app/out/vs/workbench/services/extensions/node/extensionHostProcess.js:334:312)
	at new m (/snap/code/8/usr/share/code/resources/app/out/vs/workbench/services/extensions/node/extensionHostProcess.js:333:525)
	at asPosition (/home/mostafa/.vscode/extensions/felixfbecker.php-intellisense-2.3.10/node_modules/vscode-languageclient/lib/protocolConverter.js:53:16)
	at asRange (/home/mostafa/.vscode/extensions/felixfbecker.php-intellisense-2.3.10/node_modules/vscode-languageclient/lib/protocolConverter.js:59:31)
	at asHover (/home/mostafa/.vscode/extensions/felixfbecker.php-intellisense-2.3.10/node_modules/vscode-languageclient/lib/protocolConverter.js:134:63)
[2019-06-12 19:37:51.908] [renderer1] [error] Illegal argument: character must be non-negative: Error: Illegal argument: character must be non-negative
	at Object.t.illegalArgument (/snap/code/8/usr/share/code/resources/app/out/vs/workbench/services/extensions/node/extensionHostProcess.js:12:612)
	at new m (/snap/code/8/usr/share/code/resources/app/out/vs/workbench/services/extensions/node/extensionHostProcess.js:334:312)
	at new m (/snap/code/8/usr/share/code/resources/app/out/vs/workbench/services/extensions/node/extensionHostProcess.js:333:525)
	at asPosition (/home/mostafa/.vscode/extensions/felixfbecker.php-intellisense-2.3.10/node_modules/vscode-languageclient/lib/protocolConverter.js:53:16)
	at asRange (/home/mostafa/.vscode/extensions/felixfbecker.php-intellisense-2.3.10/node_modules/vscode-languageclient/lib/protocolConverter.js:59:31)
	at asHover (/home/mostafa/.vscode/extensions/felixfbecker.php-intellisense-2.3.10/node_modules/vscode-languageclient/lib/protocolConverter.js:134:63)
[2019-06-12 19:37:57.365] [renderer1] [error] Illegal argument: character must be non-negative: Error: Illegal argument: character must be non-negative
	at Object.t.illegalArgument (/snap/code/8/usr/share/code/resources/app/out/vs/workbench/services/extensions/node/extensionHostProcess.js:12:612)
	at new m (/snap/code/8/usr/share/code/resources/app/out/vs/workbench/services/extensions/node/extensionHostProcess.js:334:312)
	at new m (/snap/code/8/usr/share/code/resources/app/out/vs/workbench/services/extensions/node/extensionHostProcess.js:333:525)
	at asPosition (/home/mostafa/.vscode/extensions/felixfbecker.php-intellisense-2.3.10/node_modules/vscode-languageclient/lib/protocolConverter.js:53:16)
	at asRange (/home/mostafa/.vscode/extensions/felixfbecker.php-intellisense-2.3.10/node_modules/vscode-languageclient/lib/protocolConverter.js:59:31)
	at asHover (/home/mostafa/.vscode/extensions/felixfbecker.php-intellisense-2.3.10/node_modules/vscode-languageclient/lib/protocolConverter.js:134:63)
[2019-06-12 19:37:58.784] [renderer1] [error] Illegal argument: character must be non-negative: Error: Illegal argument: character must be non-negative
	at Object.t.illegalArgument (/snap/code/8/usr/share/code/resources/app/out/vs/workbench/services/extensions/node/extensionHostProcess.js:12:612)
	at new m (/snap/code/8/usr/share/code/resources/app/out/vs/workbench/services/extensions/node/extensionHostProcess.js:334:312)
	at new m (/snap/code/8/usr/share/code/resources/app/out/vs/workbench/services/extensions/node/extensionHostProcess.js:333:525)
	at asPosition (/home/mostafa/.vscode/extensions/felixfbecker.php-intellisense-2.3.10/node_modules/vscode-languageclient/lib/protocolConverter.js:53:16)
	at asRange (/home/mostafa/.vscode/extensions/felixfbecker.php-intellisense-2.3.10/node_modules/vscode-languageclient/lib/protocolConverter.js:59:31)
	at asHover (/home/mostafa/.vscode/extensions/felixfbecker.php-intellisense-2.3.10/node_modules/vscode-languageclient/lib/protocolConverter.js:134:63)
[2019-06-12 19:43:54.728] [renderer1] [error] Illegal argument: character must be non-negative: Error: Illegal argument: character must be non-negative
	at Object.t.illegalArgument (/snap/code/8/usr/share/code/resources/app/out/vs/workbench/services/extensions/node/extensionHostProcess.js:12:612)
	at new m (/snap/code/8/usr/share/code/resources/app/out/vs/workbench/services/extensions/node/extensionHostProcess.js:334:312)
	at new m (/snap/code/8/usr/share/code/resources/app/out/vs/workbench/services/extensions/node/extensionHostProcess.js:333:525)
	at asPosition (/home/mostafa/.vscode/extensions/felixfbecker.php-intellisense-2.3.10/node_modules/vscode-languageclient/lib/protocolConverter.js:53:16)
	at asRange (/home/mostafa/.vscode/extensions/felixfbecker.php-intellisense-2.3.10/node_modules/vscode-languageclient/lib/protocolConverter.js:59:31)
	at asHover (/home/mostafa/.vscode/extensions/felixfbecker.php-intellisense-2.3.10/node_modules/vscode-languageclient/lib/protocolConverter.js:134:63)
[2019-06-12 19:43:58.332] [renderer1] [error] Illegal argument: character must be non-negative: Error: Illegal argument: character must be non-negative
	at Object.t.illegalArgument (/snap/code/8/usr/share/code/resources/app/out/vs/workbench/services/extensions/node/extensionHostProcess.js:12:612)
	at new m (/snap/code/8/usr/share/code/resources/app/out/vs/workbench/services/extensions/node/extensionHostProcess.js:334:312)
	at new m (/snap/code/8/usr/share/code/resources/app/out/vs/workbench/services/extensions/node/extensionHostProcess.js:333:525)
	at asPosition (/home/mostafa/.vscode/extensions/felixfbecker.php-intellisense-2.3.10/node_modules/vscode-languageclient/lib/protocolConverter.js:53:16)
	at asRange (/home/mostafa/.vscode/extensions/felixfbecker.php-intellisense-2.3.10/node_modules/vscode-languageclient/lib/protocolConverter.js:59:31)
	at asHover (/home/mostafa/.vscode/extensions/felixfbecker.php-intellisense-2.3.10/node_modules/vscode-languageclient/lib/protocolConverter.js:134:63)
[2019-06-12 19:43:59.422] [renderer1] [error] Illegal argument: character must be non-negative: Error: Illegal argument: character must be non-negative
	at Object.t.illegalArgument (/snap/code/8/usr/share/code/resources/app/out/vs/workbench/services/extensions/node/extensionHostProcess.js:12:612)
	at new m (/snap/code/8/usr/share/code/resources/app/out/vs/workbench/services/extensions/node/extensionHostProcess.js:334:312)
	at new m (/snap/code/8/usr/share/code/resources/app/out/vs/workbench/services/extensions/node/extensionHostProcess.js:333:525)
	at asPosition (/home/mostafa/.vscode/extensions/felixfbecker.php-intellisense-2.3.10/node_modules/vscode-languageclient/lib/protocolConverter.js:53:16)
	at asRange (/home/mostafa/.vscode/extensions/felixfbecker.php-intellisense-2.3.10/node_modules/vscode-languageclient/lib/protocolConverter.js:59:31)
	at asHover (/home/mostafa/.vscode/extensions/felixfbecker.php-intellisense-2.3.10/node_modules/vscode-languageclient/lib/protocolConverter.js:134:63)
[2019-06-12 19:44:02.903] [renderer1] [error] Illegal argument: character must be non-negative: Error: Illegal argument: character must be non-negative
	at Object.t.illegalArgument (/snap/code/8/usr/share/code/resources/app/out/vs/workbench/services/extensions/node/extensionHostProcess.js:12:612)
	at new m (/snap/code/8/usr/share/code/resources/app/out/vs/workbench/services/extensions/node/extensionHostProcess.js:334:312)
	at new m (/snap/code/8/usr/share/code/resources/app/out/vs/workbench/services/extensions/node/extensionHostProcess.js:333:525)
	at asPosition (/home/mostafa/.vscode/extensions/felixfbecker.php-intellisense-2.3.10/node_modules/vscode-languageclient/lib/protocolConverter.js:53:16)
	at asRange (/home/mostafa/.vscode/extensions/felixfbecker.php-intellisense-2.3.10/node_modules/vscode-languageclient/lib/protocolConverter.js:59:31)
	at asHover (/home/mostafa/.vscode/extensions/felixfbecker.php-intellisense-2.3.10/node_modules/vscode-languageclient/lib/protocolConverter.js:134:63)
[2019-06-12 19:44:16.206] [renderer1] [error] Illegal argument: character must be non-negative: Error: Illegal argument: character must be non-negative
	at Object.t.illegalArgument (/snap/code/8/usr/share/code/resources/app/out/vs/workbench/services/extensions/node/extensionHostProcess.js:12:612)
	at new m (/snap/code/8/usr/share/code/resources/app/out/vs/workbench/services/extensions/node/extensionHostProcess.js:334:312)
	at new m (/snap/code/8/usr/share/code/resources/app/out/vs/workbench/services/extensions/node/extensionHostProcess.js:333:525)
	at asPosition (/home/mostafa/.vscode/extensions/felixfbecker.php-intellisense-2.3.10/node_modules/vscode-languageclient/lib/protocolConverter.js:53:16)
	at asRange (/home/mostafa/.vscode/extensions/felixfbecker.php-intellisense-2.3.10/node_modules/vscode-languageclient/lib/protocolConverter.js:59:31)
	at asHover (/home/mostafa/.vscode/extensions/felixfbecker.php-intellisense-2.3.10/node_modules/vscode-languageclient/lib/protocolConverter.js:134:63)
[2019-06-12 19:44:18.003] [renderer1] [error] Illegal argument: character must be non-negative: Error: Illegal argument: character must be non-negative
	at Object.t.illegalArgument (/snap/code/8/usr/share/code/resources/app/out/vs/workbench/services/extensions/node/extensionHostProcess.js:12:612)
	at new m (/snap/code/8/usr/share/code/resources/app/out/vs/workbench/services/extensions/node/extensionHostProcess.js:334:312)
	at new m (/snap/code/8/usr/share/code/resources/app/out/vs/workbench/services/extensions/node/extensionHostProcess.js:333:525)
	at asPosition (/home/mostafa/.vscode/extensions/felixfbecker.php-intellisense-2.3.10/node_modules/vscode-languageclient/lib/protocolConverter.js:53:16)
	at asRange (/home/mostafa/.vscode/extensions/felixfbecker.php-intellisense-2.3.10/node_modules/vscode-languageclient/lib/protocolConverter.js:59:31)
	at asHover (/home/mostafa/.vscode/extensions/felixfbecker.php-intellisense-2.3.10/node_modules/vscode-languageclient/lib/protocolConverter.js:134:63)
[2019-06-12 19:45:38.127] [renderer1] [error] Illegal argument: character must be non-negative: Error: Illegal argument: character must be non-negative
	at Object.t.illegalArgument (/snap/code/8/usr/share/code/resources/app/out/vs/workbench/services/extensions/node/extensionHostProcess.js:12:612)
	at new m (/snap/code/8/usr/share/code/resources/app/out/vs/workbench/services/extensions/node/extensionHostProcess.js:334:312)
	at new m (/snap/code/8/usr/share/code/resources/app/out/vs/workbench/services/extensions/node/extensionHostProcess.js:333:525)
	at asPosition (/home/mostafa/.vscode/extensions/felixfbecker.php-intellisense-2.3.10/node_modules/vscode-languageclient/lib/protocolConverter.js:53:16)
	at asRange (/home/mostafa/.vscode/extensions/felixfbecker.php-intellisense-2.3.10/node_modules/vscode-languageclient/lib/protocolConverter.js:59:31)
	at asHover (/home/mostafa/.vscode/extensions/felixfbecker.php-intellisense-2.3.10/node_modules/vscode-languageclient/lib/protocolConverter.js:134:63)
[2019-06-12 19:45:39.445] [renderer1] [error] Illegal argument: character must be non-negative: Error: Illegal argument: character must be non-negative
	at Object.t.illegalArgument (/snap/code/8/usr/share/code/resources/app/out/vs/workbench/services/extensions/node/extensionHostProcess.js:12:612)
	at new m (/snap/code/8/usr/share/code/resources/app/out/vs/workbench/services/extensions/node/extensionHostProcess.js:334:312)
	at new m (/snap/code/8/usr/share/code/resources/app/out/vs/workbench/services/extensions/node/extensionHostProcess.js:333:525)
	at asPosition (/home/mostafa/.vscode/extensions/felixfbecker.php-intellisense-2.3.10/node_modules/vscode-languageclient/lib/protocolConverter.js:53:16)
	at asRange (/home/mostafa/.vscode/extensions/felixfbecker.php-intellisense-2.3.10/node_modules/vscode-languageclient/lib/protocolConverter.js:59:31)
	at asHover (/home/mostafa/.vscode/extensions/felixfbecker.php-intellisense-2.3.10/node_modules/vscode-languageclient/lib/protocolConverter.js:134:63)
[2019-06-12 19:45:46.264] [renderer1] [error] Illegal argument: character must be non-negative: Error: Illegal argument: character must be non-negative
	at Object.t.illegalArgument (/snap/code/8/usr/share/code/resources/app/out/vs/workbench/services/extensions/node/extensionHostProcess.js:12:612)
	at new m (/snap/code/8/usr/share/code/resources/app/out/vs/workbench/services/extensions/node/extensionHostProcess.js:334:312)
	at new m (/snap/code/8/usr/share/code/resources/app/out/vs/workbench/services/extensions/node/extensionHostProcess.js:333:525)
	at asPosition (/home/mostafa/.vscode/extensions/felixfbecker.php-intellisense-2.3.10/node_modules/vscode-languageclient/lib/protocolConverter.js:53:16)
	at asRange (/home/mostafa/.vscode/extensions/felixfbecker.php-intellisense-2.3.10/node_modules/vscode-languageclient/lib/protocolConverter.js:59:31)
	at asHover (/home/mostafa/.vscode/extensions/felixfbecker.php-intellisense-2.3.10/node_modules/vscode-languageclient/lib/protocolConverter.js:134:63)
[2019-06-12 19:47:54.284] [renderer1] [error] Illegal argument: character must be non-negative: Error: Illegal argument: character must be non-negative
	at Object.t.illegalArgument (/snap/code/8/usr/share/code/resources/app/out/vs/workbench/services/extensions/node/extensionHostProcess.js:12:612)
	at new m (/snap/code/8/usr/share/code/resources/app/out/vs/workbench/services/extensions/node/extensionHostProcess.js:334:312)
	at new m (/snap/code/8/usr/share/code/resources/app/out/vs/workbench/services/extensions/node/extensionHostProcess.js:333:525)
	at asPosition (/home/mostafa/.vscode/extensions/felixfbecker.php-intellisense-2.3.10/node_modules/vscode-languageclient/lib/protocolConverter.js:53:16)
	at asRange (/home/mostafa/.vscode/extensions/felixfbecker.php-intellisense-2.3.10/node_modules/vscode-languageclient/lib/protocolConverter.js:59:31)
	at asHover (/home/mostafa/.vscode/extensions/felixfbecker.php-intellisense-2.3.10/node_modules/vscode-languageclient/lib/protocolConverter.js:134:63)
[2019-06-12 19:48:14.431] [renderer1] [error] Illegal argument: character must be non-negative: Error: Illegal argument: character must be non-negative
	at Object.t.illegalArgument (/snap/code/8/usr/share/code/resources/app/out/vs/workbench/services/extensions/node/extensionHostProcess.js:12:612)
	at new m (/snap/code/8/usr/share/code/resources/app/out/vs/workbench/services/extensions/node/extensionHostProcess.js:334:312)
	at new m (/snap/code/8/usr/share/code/resources/app/out/vs/workbench/services/extensions/node/extensionHostProcess.js:333:525)
	at asPosition (/home/mostafa/.vscode/extensions/felixfbecker.php-intellisense-2.3.10/node_modules/vscode-languageclient/lib/protocolConverter.js:53:16)
	at asRange (/home/mostafa/.vscode/extensions/felixfbecker.php-intellisense-2.3.10/node_modules/vscode-languageclient/lib/protocolConverter.js:59:31)
	at asHover (/home/mostafa/.vscode/extensions/felixfbecker.php-intellisense-2.3.10/node_modules/vscode-languageclient/lib/protocolConverter.js:134:63)
[2019-06-12 19:49:32.687] [renderer1] [error] Illegal argument: character must be non-negative: Error: Illegal argument: character must be non-negative
	at Object.t.illegalArgument (/snap/code/8/usr/share/code/resources/app/out/vs/workbench/services/extensions/node/extensionHostProcess.js:12:612)
	at new m (/snap/code/8/usr/share/code/resources/app/out/vs/workbench/services/extensions/node/extensionHostProcess.js:334:312)
	at new m (/snap/code/8/usr/share/code/resources/app/out/vs/workbench/services/extensions/node/extensionHostProcess.js:333:525)
	at asPosition (/home/mostafa/.vscode/extensions/felixfbecker.php-intellisense-2.3.10/node_modules/vscode-languageclient/lib/protocolConverter.js:53:16)
	at asRange (/home/mostafa/.vscode/extensions/felixfbecker.php-intellisense-2.3.10/node_modules/vscode-languageclient/lib/protocolConverter.js:59:31)
	at asHover (/home/mostafa/.vscode/extensions/felixfbecker.php-intellisense-2.3.10/node_modules/vscode-languageclient/lib/protocolConverter.js:134:63)
[2019-06-12 19:49:35.748] [renderer1] [error] Illegal argument: character must be non-negative: Error: Illegal argument: character must be non-negative
	at Object.t.illegalArgument (/snap/code/8/usr/share/code/resources/app/out/vs/workbench/services/extensions/node/extensionHostProcess.js:12:612)
	at new m (/snap/code/8/usr/share/code/resources/app/out/vs/workbench/services/extensions/node/extensionHostProcess.js:334:312)
	at new m (/snap/code/8/usr/share/code/resources/app/out/vs/workbench/services/extensions/node/extensionHostProcess.js:333:525)
	at asPosition (/home/mostafa/.vscode/extensions/felixfbecker.php-intellisense-2.3.10/node_modules/vscode-languageclient/lib/protocolConverter.js:53:16)
	at asRange (/home/mostafa/.vscode/extensions/felixfbecker.php-intellisense-2.3.10/node_modules/vscode-languageclient/lib/protocolConverter.js:59:31)
	at asHover (/home/mostafa/.vscode/extensions/felixfbecker.php-intellisense-2.3.10/node_modules/vscode-languageclient/lib/protocolConverter.js:134:63)
[2019-06-12 19:50:49.878] [renderer1] [error] Illegal argument: character must be non-negative: Error: Illegal argument: character must be non-negative
	at Object.t.illegalArgument (/snap/code/8/usr/share/code/resources/app/out/vs/workbench/services/extensions/node/extensionHostProcess.js:12:612)
	at new m (/snap/code/8/usr/share/code/resources/app/out/vs/workbench/services/extensions/node/extensionHostProcess.js:334:312)
	at new m (/snap/code/8/usr/share/code/resources/app/out/vs/workbench/services/extensions/node/extensionHostProcess.js:333:525)
	at asPosition (/home/mostafa/.vscode/extensions/felixfbecker.php-intellisense-2.3.10/node_modules/vscode-languageclient/lib/protocolConverter.js:53:16)
	at asRange (/home/mostafa/.vscode/extensions/felixfbecker.php-intellisense-2.3.10/node_modules/vscode-languageclient/lib/protocolConverter.js:59:31)
	at asHover (/home/mostafa/.vscode/extensions/felixfbecker.php-intellisense-2.3.10/node_modules/vscode-languageclient/lib/protocolConverter.js:134:63)
[2019-06-12 19:50:53.839] [renderer1] [error] Illegal argument: character must be non-negative: Error: Illegal argument: character must be non-negative
	at Object.t.illegalArgument (/snap/code/8/usr/share/code/resources/app/out/vs/workbench/services/extensions/node/extensionHostProcess.js:12:612)
	at new m (/snap/code/8/usr/share/code/resources/app/out/vs/workbench/services/extensions/node/extensionHostProcess.js:334:312)
	at new m (/snap/code/8/usr/share/code/resources/app/out/vs/workbench/services/extensions/node/extensionHostProcess.js:333:525)
	at asPosition (/home/mostafa/.vscode/extensions/felixfbecker.php-intellisense-2.3.10/node_modules/vscode-languageclient/lib/protocolConverter.js:53:16)
	at asRange (/home/mostafa/.vscode/extensions/felixfbecker.php-intellisense-2.3.10/node_modules/vscode-languageclient/lib/protocolConverter.js:59:31)
	at asHover (/home/mostafa/.vscode/extensions/felixfbecker.php-intellisense-2.3.10/node_modules/vscode-languageclient/lib/protocolConverter.js:134:63)
[2019-06-12 19:50:57.217] [renderer1] [error] Illegal argument: character must be non-negative: Error: Illegal argument: character must be non-negative
	at Object.t.illegalArgument (/snap/code/8/usr/share/code/resources/app/out/vs/workbench/services/extensions/node/extensionHostProcess.js:12:612)
	at new m (/snap/code/8/usr/share/code/resources/app/out/vs/workbench/services/extensions/node/extensionHostProcess.js:334:312)
	at new m (/snap/code/8/usr/share/code/resources/app/out/vs/workbench/services/extensions/node/extensionHostProcess.js:333:525)
	at asPosition (/home/mostafa/.vscode/extensions/felixfbecker.php-intellisense-2.3.10/node_modules/vscode-languageclient/lib/protocolConverter.js:53:16)
	at asRange (/home/mostafa/.vscode/extensions/felixfbecker.php-intellisense-2.3.10/node_modules/vscode-languageclient/lib/protocolConverter.js:59:31)
	at asHover (/home/mostafa/.vscode/extensions/felixfbecker.php-intellisense-2.3.10/node_modules/vscode-languageclient/lib/protocolConverter.js:134:63)
[2019-06-12 20:46:40.195] [renderer1] [error] Illegal argument: character must be non-negative: Error: Illegal argument: character must be non-negative
	at Object.t.illegalArgument (/snap/code/8/usr/share/code/resources/app/out/vs/workbench/services/extensions/node/extensionHostProcess.js:12:612)
	at new m (/snap/code/8/usr/share/code/resources/app/out/vs/workbench/services/extensions/node/extensionHostProcess.js:334:312)
	at new m (/snap/code/8/usr/share/code/resources/app/out/vs/workbench/services/extensions/node/extensionHostProcess.js:333:525)
	at asPosition (/home/mostafa/.vscode/extensions/felixfbecker.php-intellisense-2.3.10/node_modules/vscode-languageclient/lib/protocolConverter.js:53:16)
	at asRange (/home/mostafa/.vscode/extensions/felixfbecker.php-intellisense-2.3.10/node_modules/vscode-languageclient/lib/protocolConverter.js:59:31)
	at asHover (/home/mostafa/.vscode/extensions/felixfbecker.php-intellisense-2.3.10/node_modules/vscode-languageclient/lib/protocolConverter.js:134:63)
[2019-06-12 20:48:21.831] [renderer1] [error] Illegal argument: character must be non-negative: Error: Illegal argument: character must be non-negative
	at Object.t.illegalArgument (/snap/code/8/usr/share/code/resources/app/out/vs/workbench/services/extensions/node/extensionHostProcess.js:12:612)
	at new m (/snap/code/8/usr/share/code/resources/app/out/vs/workbench/services/extensions/node/extensionHostProcess.js:334:312)
	at new m (/snap/code/8/usr/share/code/resources/app/out/vs/workbench/services/extensions/node/extensionHostProcess.js:333:525)
	at asPosition (/home/mostafa/.vscode/extensions/felixfbecker.php-intellisense-2.3.10/node_modules/vscode-languageclient/lib/protocolConverter.js:53:16)
	at asRange (/home/mostafa/.vscode/extensions/felixfbecker.php-intellisense-2.3.10/node_modules/vscode-languageclient/lib/protocolConverter.js:59:31)
	at asHover (/home/mostafa/.vscode/extensions/felixfbecker.php-intellisense-2.3.10/node_modules/vscode-languageclient/lib/protocolConverter.js:134:63)
