[Error - 9:45:13 PM] Request textDocument/hover failed.
Error: Connection got disposed.
	at Object.dispose (/home/mostafa/.vscode/extensions/felixfbecker.php-intellisense-2.3.10/node_modules/vscode-jsonrpc/lib/main.js:876:25)
	at Object.dispose (/home/mostafa/.vscode/extensions/felixfbecker.php-intellisense-2.3.10/node_modules/vscode-languageclient/lib/client.js:71:35)
	at stop._onStop.resolveConnection.then.connection.shutdown.then (/home/mostafa/.vscode/extensions/felixfbecker.php-intellisense-2.3.10/node_modules/vscode-languageclient/lib/client.js:2062:28)
[Error - 9:45:13 PM] Request textDocument/hover failed.
Error: Connection got disposed.
	at Object.dispose (/home/mostafa/.vscode/extensions/felixfbecker.php-intellisense-2.3.10/node_modules/vscode-jsonrpc/lib/main.js:876:25)
	at Object.dispose (/home/mostafa/.vscode/extensions/felixfbecker.php-intellisense-2.3.10/node_modules/vscode-languageclient/lib/client.js:71:35)
	at stop._onStop.resolveConnection.then.connection.shutdown.then (/home/mostafa/.vscode/extensions/felixfbecker.php-intellisense-2.3.10/node_modules/vscode-languageclient/lib/client.js:2062:28)
[Error - 9:45:13 PM] Request textDocument/hover failed.
Error: Connection got disposed.
	at Object.dispose (/home/mostafa/.vscode/extensions/felixfbecker.php-intellisense-2.3.10/node_modules/vscode-jsonrpc/lib/main.js:876:25)
	at Object.dispose (/home/mostafa/.vscode/extensions/felixfbecker.php-intellisense-2.3.10/node_modules/vscode-languageclient/lib/client.js:71:35)
	at stop._onStop.resolveConnection.then.connection.shutdown.then (/home/mostafa/.vscode/extensions/felixfbecker.php-intellisense-2.3.10/node_modules/vscode-languageclient/lib/client.js:2062:28)
[Error - 9:45:13 PM] Request textDocument/hover failed.
Error: Connection got disposed.
	at Object.dispose (/home/mostafa/.vscode/extensions/felixfbecker.php-intellisense-2.3.10/node_modules/vscode-jsonrpc/lib/main.js:876:25)
	at Object.dispose (/home/mostafa/.vscode/extensions/felixfbecker.php-intellisense-2.3.10/node_modules/vscode-languageclient/lib/client.js:71:35)
	at stop._onStop.resolveConnection.then.connection.shutdown.then (/home/mostafa/.vscode/extensions/felixfbecker.php-intellisense-2.3.10/node_modules/vscode-languageclient/lib/client.js:2062:28)
[Error - 9:45:13 PM] Request textDocument/hover failed.
Error: Connection got disposed.
	at Object.dispose (/home/mostafa/.vscode/extensions/felixfbecker.php-intellisense-2.3.10/node_modules/vscode-jsonrpc/lib/main.js:876:25)
	at Object.dispose (/home/mostafa/.vscode/extensions/felixfbecker.php-intellisense-2.3.10/node_modules/vscode-languageclient/lib/client.js:71:35)
	at stop._onStop.resolveConnection.then.connection.shutdown.then (/home/mostafa/.vscode/extensions/felixfbecker.php-intellisense-2.3.10/node_modules/vscode-languageclient/lib/client.js:2062:28)
[Error - 9:45:13 PM] Request textDocument/definition failed.
Error: Connection got disposed.
	at Object.dispose (/home/mostafa/.vscode/extensions/felixfbecker.php-intellisense-2.3.10/node_modules/vscode-jsonrpc/lib/main.js:876:25)
	at Object.dispose (/home/mostafa/.vscode/extensions/felixfbecker.php-intellisense-2.3.10/node_modules/vscode-languageclient/lib/client.js:71:35)
	at stop._onStop.resolveConnection.then.connection.shutdown.then (/home/mostafa/.vscode/extensions/felixfbecker.php-intellisense-2.3.10/node_modules/vscode-languageclient/lib/client.js:2062:28)
[Error - 9:45:13 PM] Request textDocument/hover failed.
Error: Connection got disposed.
	at Object.dispose (/home/mostafa/.vscode/extensions/felixfbecker.php-intellisense-2.3.10/node_modules/vscode-jsonrpc/lib/main.js:876:25)
	at Object.dispose (/home/mostafa/.vscode/extensions/felixfbecker.php-intellisense-2.3.10/node_modules/vscode-languageclient/lib/client.js:71:35)
	at stop._onStop.resolveConnection.then.connection.shutdown.then (/home/mostafa/.vscode/extensions/felixfbecker.php-intellisense-2.3.10/node_modules/vscode-languageclient/lib/client.js:2062:28)
Language server exited with exit code 0
