[2019-06-12 18:50:23.082] [exthost] [info] extension host started
[2019-06-12 18:50:23.157] [exthost] [info] ExtensionService#_doActivateExtension vscode.debug-auto-launch {"startup":true,"activationEvent":"*"}
[2019-06-12 18:50:23.157] [exthost] [info] ExtensionService#loadCommonJSModule /snap/code/8/usr/share/code/resources/app/extensions/debug-auto-launch/dist/extension
[2019-06-12 18:50:23.163] [exthost] [info] ExtensionService#_doActivateExtension vscode.emmet {"startup":true,"activationEvent":"*"}
[2019-06-12 18:50:23.164] [exthost] [info] ExtensionService#loadCommonJSModule /snap/code/8/usr/share/code/resources/app/extensions/emmet/dist/extension
[2019-06-12 18:50:23.198] [exthost] [info] ExtensionService#_doActivateExtension vscode.git {"startup":true,"activationEvent":"*"}
[2019-06-12 18:50:23.198] [exthost] [info] ExtensionService#loadCommonJSModule /snap/code/8/usr/share/code/resources/app/extensions/git/dist/main
[2019-06-12 18:50:23.402] [exthost] [info] ExtensionService#_doActivateExtension vscode.merge-conflict {"startup":true,"activationEvent":"*"}
[2019-06-12 18:50:23.402] [exthost] [info] ExtensionService#loadCommonJSModule /snap/code/8/usr/share/code/resources/app/extensions/merge-conflict/dist/extension
[2019-06-12 18:50:24.281] [exthost] [info] ExtensionService#_doActivateExtension felixfbecker.php-intellisense {"startup":true,"activationEvent":"workspaceContains:**/*.php"}
[2019-06-12 18:50:24.281] [exthost] [info] ExtensionService#loadCommonJSModule /home/mostafa/.vscode/extensions/felixfbecker.php-intellisense-2.3.10/out/extension
[2019-06-12 18:50:25.660] [exthost] [info] eager extensions activated
[2019-06-12 18:50:42.348] [exthost] [info] ExtensionService#_doActivateExtension vscode.php-language-features {"startup":false,"activationEvent":"onLanguage:php"}
[2019-06-12 18:50:42.348] [exthost] [info] ExtensionService#loadCommonJSModule /snap/code/8/usr/share/code/resources/app/extensions/php-language-features/dist/phpMain
[2019-06-12 18:50:42.376] [exthost] [info] ExtensionService#_doActivateExtension bmewburn.vscode-intelephense-client {"startup":false,"activationEvent":"onLanguage:php"}
[2019-06-12 18:50:42.376] [exthost] [info] ExtensionService#loadCommonJSModule /home/mostafa/.vscode/extensions/bmewburn.vscode-intelephense-client-1.0.14/out/extension
[2019-06-12 18:50:42.545] [exthost] [info] ExtensionService#_doActivateExtension MehediDracula.php-namespace-resolver {"startup":false,"activationEvent":"onLanguage:php"}
[2019-06-12 18:50:42.545] [exthost] [info] ExtensionService#loadCommonJSModule /home/mostafa/.vscode/extensions/mehedidracula.php-namespace-resolver-1.1.8/src/extension
[2019-06-12 18:50:42.553] [exthost] [info] ExtensionService#_doActivateExtension rifi2k.format-html-in-php {"startup":false,"activationEvent":"onLanguage:php"}
[2019-06-12 18:50:42.553] [exthost] [info] ExtensionService#loadCommonJSModule /home/mostafa/.vscode/extensions/rifi2k.format-html-in-php-1.5.3/out/extension
[2019-06-12 18:50:45.292] [exthost] [info] ExtensionService#_doActivateExtension vscode.html-language-features {"startup":false,"activationEvent":"onLanguage:html"}
[2019-06-12 18:50:45.292] [exthost] [info] ExtensionService#loadCommonJSModule /snap/code/8/usr/share/code/resources/app/extensions/html-language-features/client/dist/htmlMain
[2019-06-12 18:52:39.118] [exthost] [info] ExtensionService#_doActivateExtension vscode.configuration-editing {"startup":false,"activationEvent":"onLanguage:jsonc"}
[2019-06-12 18:52:39.118] [exthost] [info] ExtensionService#loadCommonJSModule /snap/code/8/usr/share/code/resources/app/extensions/configuration-editing/dist/extension
[2019-06-12 18:52:39.130] [exthost] [info] ExtensionService#_doActivateExtension vscode.json-language-features {"startup":false,"activationEvent":"onLanguage:jsonc"}
[2019-06-12 18:52:39.130] [exthost] [info] ExtensionService#loadCommonJSModule /snap/code/8/usr/share/code/resources/app/extensions/json-language-features/client/dist/jsonMain
[2019-06-12 18:52:39.250] [exthost] [info] ExtensionService#_doActivateExtension vscode.typescript-language-features {"startup":false,"activationEvent":"onLanguage:jsonc"}
[2019-06-12 18:52:39.250] [exthost] [info] ExtensionService#loadCommonJSModule /snap/code/8/usr/share/code/resources/app/extensions/typescript-language-features/dist/extension
[2019-06-12 18:54:35.552] [exthost] [error] [felixfbecker.php-intellisense] provider FAILED
[2019-06-12 18:54:35.553] [exthost] [error] Error: Illegal argument: character must be non-negative
	at Object.t.illegalArgument (/snap/code/8/usr/share/code/resources/app/out/vs/workbench/services/extensions/node/extensionHostProcess.js:12:612)
	at new m (/snap/code/8/usr/share/code/resources/app/out/vs/workbench/services/extensions/node/extensionHostProcess.js:334:312)
	at new m (/snap/code/8/usr/share/code/resources/app/out/vs/workbench/services/extensions/node/extensionHostProcess.js:333:525)
	at asPosition (/home/mostafa/.vscode/extensions/felixfbecker.php-intellisense-2.3.10/node_modules/vscode-languageclient/lib/protocolConverter.js:53:16)
	at asRange (/home/mostafa/.vscode/extensions/felixfbecker.php-intellisense-2.3.10/node_modules/vscode-languageclient/lib/protocolConverter.js:59:31)
	at asHover (/home/mostafa/.vscode/extensions/felixfbecker.php-intellisense-2.3.10/node_modules/vscode-languageclient/lib/protocolConverter.js:134:63)
[2019-06-12 18:59:15.683] [exthost] [error] [felixfbecker.php-intellisense] provider FAILED
[2019-06-12 18:59:15.683] [exthost] [error] Error: Illegal argument: character must be non-negative
	at Object.t.illegalArgument (/snap/code/8/usr/share/code/resources/app/out/vs/workbench/services/extensions/node/extensionHostProcess.js:12:612)
	at new m (/snap/code/8/usr/share/code/resources/app/out/vs/workbench/services/extensions/node/extensionHostProcess.js:334:312)
	at new m (/snap/code/8/usr/share/code/resources/app/out/vs/workbench/services/extensions/node/extensionHostProcess.js:333:525)
	at asPosition (/home/mostafa/.vscode/extensions/felixfbecker.php-intellisense-2.3.10/node_modules/vscode-languageclient/lib/protocolConverter.js:53:16)
	at asRange (/home/mostafa/.vscode/extensions/felixfbecker.php-intellisense-2.3.10/node_modules/vscode-languageclient/lib/protocolConverter.js:59:31)
	at asHover (/home/mostafa/.vscode/extensions/felixfbecker.php-intellisense-2.3.10/node_modules/vscode-languageclient/lib/protocolConverter.js:134:63)
[2019-06-12 19:01:54.999] [exthost] [error] [felixfbecker.php-intellisense] provider FAILED
[2019-06-12 19:01:54.999] [exthost] [error] Error: Illegal argument: character must be non-negative
	at Object.t.illegalArgument (/snap/code/8/usr/share/code/resources/app/out/vs/workbench/services/extensions/node/extensionHostProcess.js:12:612)
	at new m (/snap/code/8/usr/share/code/resources/app/out/vs/workbench/services/extensions/node/extensionHostProcess.js:334:312)
	at new m (/snap/code/8/usr/share/code/resources/app/out/vs/workbench/services/extensions/node/extensionHostProcess.js:333:525)
	at asPosition (/home/mostafa/.vscode/extensions/felixfbecker.php-intellisense-2.3.10/node_modules/vscode-languageclient/lib/protocolConverter.js:53:16)
	at asRange (/home/mostafa/.vscode/extensions/felixfbecker.php-intellisense-2.3.10/node_modules/vscode-languageclient/lib/protocolConverter.js:59:31)
	at asHover (/home/mostafa/.vscode/extensions/felixfbecker.php-intellisense-2.3.10/node_modules/vscode-languageclient/lib/protocolConverter.js:134:63)
[2019-06-12 19:01:56.065] [exthost] [error] [felixfbecker.php-intellisense] provider FAILED
[2019-06-12 19:01:56.065] [exthost] [error] Error: Illegal argument: character must be non-negative
	at Object.t.illegalArgument (/snap/code/8/usr/share/code/resources/app/out/vs/workbench/services/extensions/node/extensionHostProcess.js:12:612)
	at new m (/snap/code/8/usr/share/code/resources/app/out/vs/workbench/services/extensions/node/extensionHostProcess.js:334:312)
	at new m (/snap/code/8/usr/share/code/resources/app/out/vs/workbench/services/extensions/node/extensionHostProcess.js:333:525)
	at asPosition (/home/mostafa/.vscode/extensions/felixfbecker.php-intellisense-2.3.10/node_modules/vscode-languageclient/lib/protocolConverter.js:53:16)
	at asRange (/home/mostafa/.vscode/extensions/felixfbecker.php-intellisense-2.3.10/node_modules/vscode-languageclient/lib/protocolConverter.js:59:31)
	at asHover (/home/mostafa/.vscode/extensions/felixfbecker.php-intellisense-2.3.10/node_modules/vscode-languageclient/lib/protocolConverter.js:134:63)
[2019-06-12 19:02:12.093] [exthost] [error] [felixfbecker.php-intellisense] provider FAILED
[2019-06-12 19:02:12.093] [exthost] [error] Error: Illegal argument: character must be non-negative
	at Object.t.illegalArgument (/snap/code/8/usr/share/code/resources/app/out/vs/workbench/services/extensions/node/extensionHostProcess.js:12:612)
	at new m (/snap/code/8/usr/share/code/resources/app/out/vs/workbench/services/extensions/node/extensionHostProcess.js:334:312)
	at new m (/snap/code/8/usr/share/code/resources/app/out/vs/workbench/services/extensions/node/extensionHostProcess.js:333:525)
	at asPosition (/home/mostafa/.vscode/extensions/felixfbecker.php-intellisense-2.3.10/node_modules/vscode-languageclient/lib/protocolConverter.js:53:16)
	at asRange (/home/mostafa/.vscode/extensions/felixfbecker.php-intellisense-2.3.10/node_modules/vscode-languageclient/lib/protocolConverter.js:59:31)
	at asHover (/home/mostafa/.vscode/extensions/felixfbecker.php-intellisense-2.3.10/node_modules/vscode-languageclient/lib/protocolConverter.js:134:63)
[2019-06-12 19:02:12.705] [exthost] [error] [felixfbecker.php-intellisense] provider FAILED
[2019-06-12 19:02:12.705] [exthost] [error] Error: Illegal argument: character must be non-negative
	at Object.t.illegalArgument (/snap/code/8/usr/share/code/resources/app/out/vs/workbench/services/extensions/node/extensionHostProcess.js:12:612)
	at new m (/snap/code/8/usr/share/code/resources/app/out/vs/workbench/services/extensions/node/extensionHostProcess.js:334:312)
	at new m (/snap/code/8/usr/share/code/resources/app/out/vs/workbench/services/extensions/node/extensionHostProcess.js:333:525)
	at asPosition (/home/mostafa/.vscode/extensions/felixfbecker.php-intellisense-2.3.10/node_modules/vscode-languageclient/lib/protocolConverter.js:53:16)
	at asRange (/home/mostafa/.vscode/extensions/felixfbecker.php-intellisense-2.3.10/node_modules/vscode-languageclient/lib/protocolConverter.js:59:31)
	at asHover (/home/mostafa/.vscode/extensions/felixfbecker.php-intellisense-2.3.10/node_modules/vscode-languageclient/lib/protocolConverter.js:134:63)
[2019-06-12 19:03:31.186] [exthost] [error] [felixfbecker.php-intellisense] provider FAILED
[2019-06-12 19:03:31.187] [exthost] [error] Error: Illegal argument: character must be non-negative
	at Object.t.illegalArgument (/snap/code/8/usr/share/code/resources/app/out/vs/workbench/services/extensions/node/extensionHostProcess.js:12:612)
	at new m (/snap/code/8/usr/share/code/resources/app/out/vs/workbench/services/extensions/node/extensionHostProcess.js:334:312)
	at new m (/snap/code/8/usr/share/code/resources/app/out/vs/workbench/services/extensions/node/extensionHostProcess.js:333:525)
	at asPosition (/home/mostafa/.vscode/extensions/felixfbecker.php-intellisense-2.3.10/node_modules/vscode-languageclient/lib/protocolConverter.js:53:16)
	at asRange (/home/mostafa/.vscode/extensions/felixfbecker.php-intellisense-2.3.10/node_modules/vscode-languageclient/lib/protocolConverter.js:59:31)
	at asHover (/home/mostafa/.vscode/extensions/felixfbecker.php-intellisense-2.3.10/node_modules/vscode-languageclient/lib/protocolConverter.js:134:63)
[2019-06-12 19:03:32.178] [exthost] [error] [felixfbecker.php-intellisense] provider FAILED
[2019-06-12 19:03:32.178] [exthost] [error] Error: Illegal argument: character must be non-negative
	at Object.t.illegalArgument (/snap/code/8/usr/share/code/resources/app/out/vs/workbench/services/extensions/node/extensionHostProcess.js:12:612)
	at new m (/snap/code/8/usr/share/code/resources/app/out/vs/workbench/services/extensions/node/extensionHostProcess.js:334:312)
	at new m (/snap/code/8/usr/share/code/resources/app/out/vs/workbench/services/extensions/node/extensionHostProcess.js:333:525)
	at asPosition (/home/mostafa/.vscode/extensions/felixfbecker.php-intellisense-2.3.10/node_modules/vscode-languageclient/lib/protocolConverter.js:53:16)
	at asRange (/home/mostafa/.vscode/extensions/felixfbecker.php-intellisense-2.3.10/node_modules/vscode-languageclient/lib/protocolConverter.js:59:31)
	at asHover (/home/mostafa/.vscode/extensions/felixfbecker.php-intellisense-2.3.10/node_modules/vscode-languageclient/lib/protocolConverter.js:134:63)
[2019-06-12 19:03:32.476] [exthost] [error] [felixfbecker.php-intellisense] provider FAILED
[2019-06-12 19:03:32.477] [exthost] [error] Error: Illegal argument: character must be non-negative
	at Object.t.illegalArgument (/snap/code/8/usr/share/code/resources/app/out/vs/workbench/services/extensions/node/extensionHostProcess.js:12:612)
	at new m (/snap/code/8/usr/share/code/resources/app/out/vs/workbench/services/extensions/node/extensionHostProcess.js:334:312)
	at new m (/snap/code/8/usr/share/code/resources/app/out/vs/workbench/services/extensions/node/extensionHostProcess.js:333:525)
	at asPosition (/home/mostafa/.vscode/extensions/felixfbecker.php-intellisense-2.3.10/node_modules/vscode-languageclient/lib/protocolConverter.js:53:16)
	at asRange (/home/mostafa/.vscode/extensions/felixfbecker.php-intellisense-2.3.10/node_modules/vscode-languageclient/lib/protocolConverter.js:59:31)
	at asHover (/home/mostafa/.vscode/extensions/felixfbecker.php-intellisense-2.3.10/node_modules/vscode-languageclient/lib/protocolConverter.js:134:63)
[2019-06-12 19:03:32.674] [exthost] [error] [felixfbecker.php-intellisense] provider FAILED
[2019-06-12 19:03:32.674] [exthost] [error] Error: Illegal argument: character must be non-negative
	at Object.t.illegalArgument (/snap/code/8/usr/share/code/resources/app/out/vs/workbench/services/extensions/node/extensionHostProcess.js:12:612)
	at new m (/snap/code/8/usr/share/code/resources/app/out/vs/workbench/services/extensions/node/extensionHostProcess.js:334:312)
	at new m (/snap/code/8/usr/share/code/resources/app/out/vs/workbench/services/extensions/node/extensionHostProcess.js:333:525)
	at asPosition (/home/mostafa/.vscode/extensions/felixfbecker.php-intellisense-2.3.10/node_modules/vscode-languageclient/lib/protocolConverter.js:53:16)
	at asRange (/home/mostafa/.vscode/extensions/felixfbecker.php-intellisense-2.3.10/node_modules/vscode-languageclient/lib/protocolConverter.js:59:31)
	at asHover (/home/mostafa/.vscode/extensions/felixfbecker.php-intellisense-2.3.10/node_modules/vscode-languageclient/lib/protocolConverter.js:134:63)
[2019-06-12 19:05:06.273] [exthost] [error] [felixfbecker.php-intellisense] provider FAILED
[2019-06-12 19:05:06.273] [exthost] [error] Error: Illegal argument: character must be non-negative
	at Object.t.illegalArgument (/snap/code/8/usr/share/code/resources/app/out/vs/workbench/services/extensions/node/extensionHostProcess.js:12:612)
	at new m (/snap/code/8/usr/share/code/resources/app/out/vs/workbench/services/extensions/node/extensionHostProcess.js:334:312)
	at new m (/snap/code/8/usr/share/code/resources/app/out/vs/workbench/services/extensions/node/extensionHostProcess.js:333:525)
	at asPosition (/home/mostafa/.vscode/extensions/felixfbecker.php-intellisense-2.3.10/node_modules/vscode-languageclient/lib/protocolConverter.js:53:16)
	at asRange (/home/mostafa/.vscode/extensions/felixfbecker.php-intellisense-2.3.10/node_modules/vscode-languageclient/lib/protocolConverter.js:59:31)
	at asHover (/home/mostafa/.vscode/extensions/felixfbecker.php-intellisense-2.3.10/node_modules/vscode-languageclient/lib/protocolConverter.js:134:63)
[2019-06-12 19:05:07.131] [exthost] [error] [felixfbecker.php-intellisense] provider FAILED
[2019-06-12 19:05:07.132] [exthost] [error] Error: Illegal argument: character must be non-negative
	at Object.t.illegalArgument (/snap/code/8/usr/share/code/resources/app/out/vs/workbench/services/extensions/node/extensionHostProcess.js:12:612)
	at new m (/snap/code/8/usr/share/code/resources/app/out/vs/workbench/services/extensions/node/extensionHostProcess.js:334:312)
	at new m (/snap/code/8/usr/share/code/resources/app/out/vs/workbench/services/extensions/node/extensionHostProcess.js:333:525)
	at asPosition (/home/mostafa/.vscode/extensions/felixfbecker.php-intellisense-2.3.10/node_modules/vscode-languageclient/lib/protocolConverter.js:53:16)
	at asRange (/home/mostafa/.vscode/extensions/felixfbecker.php-intellisense-2.3.10/node_modules/vscode-languageclient/lib/protocolConverter.js:59:31)
	at asHover (/home/mostafa/.vscode/extensions/felixfbecker.php-intellisense-2.3.10/node_modules/vscode-languageclient/lib/protocolConverter.js:134:63)
[2019-06-12 19:05:09.935] [exthost] [error] [felixfbecker.php-intellisense] provider FAILED
[2019-06-12 19:05:09.935] [exthost] [error] Error: Illegal argument: character must be non-negative
	at Object.t.illegalArgument (/snap/code/8/usr/share/code/resources/app/out/vs/workbench/services/extensions/node/extensionHostProcess.js:12:612)
	at new m (/snap/code/8/usr/share/code/resources/app/out/vs/workbench/services/extensions/node/extensionHostProcess.js:334:312)
	at new m (/snap/code/8/usr/share/code/resources/app/out/vs/workbench/services/extensions/node/extensionHostProcess.js:333:525)
	at asPosition (/home/mostafa/.vscode/extensions/felixfbecker.php-intellisense-2.3.10/node_modules/vscode-languageclient/lib/protocolConverter.js:53:16)
	at asRange (/home/mostafa/.vscode/extensions/felixfbecker.php-intellisense-2.3.10/node_modules/vscode-languageclient/lib/protocolConverter.js:59:31)
	at asHover (/home/mostafa/.vscode/extensions/felixfbecker.php-intellisense-2.3.10/node_modules/vscode-languageclient/lib/protocolConverter.js:134:63)
[2019-06-12 19:05:12.921] [exthost] [error] [felixfbecker.php-intellisense] provider FAILED
[2019-06-12 19:05:12.922] [exthost] [error] Error: Illegal argument: character must be non-negative
	at Object.t.illegalArgument (/snap/code/8/usr/share/code/resources/app/out/vs/workbench/services/extensions/node/extensionHostProcess.js:12:612)
	at new m (/snap/code/8/usr/share/code/resources/app/out/vs/workbench/services/extensions/node/extensionHostProcess.js:334:312)
	at new m (/snap/code/8/usr/share/code/resources/app/out/vs/workbench/services/extensions/node/extensionHostProcess.js:333:525)
	at asPosition (/home/mostafa/.vscode/extensions/felixfbecker.php-intellisense-2.3.10/node_modules/vscode-languageclient/lib/protocolConverter.js:53:16)
	at asRange (/home/mostafa/.vscode/extensions/felixfbecker.php-intellisense-2.3.10/node_modules/vscode-languageclient/lib/protocolConverter.js:59:31)
	at asHover (/home/mostafa/.vscode/extensions/felixfbecker.php-intellisense-2.3.10/node_modules/vscode-languageclient/lib/protocolConverter.js:134:63)
[2019-06-12 19:05:13.124] [exthost] [error] [felixfbecker.php-intellisense] provider FAILED
[2019-06-12 19:05:13.125] [exthost] [error] Error: Illegal argument: character must be non-negative
	at Object.t.illegalArgument (/snap/code/8/usr/share/code/resources/app/out/vs/workbench/services/extensions/node/extensionHostProcess.js:12:612)
	at new m (/snap/code/8/usr/share/code/resources/app/out/vs/workbench/services/extensions/node/extensionHostProcess.js:334:312)
	at new m (/snap/code/8/usr/share/code/resources/app/out/vs/workbench/services/extensions/node/extensionHostProcess.js:333:525)
	at asPosition (/home/mostafa/.vscode/extensions/felixfbecker.php-intellisense-2.3.10/node_modules/vscode-languageclient/lib/protocolConverter.js:53:16)
	at asRange (/home/mostafa/.vscode/extensions/felixfbecker.php-intellisense-2.3.10/node_modules/vscode-languageclient/lib/protocolConverter.js:59:31)
	at asHover (/home/mostafa/.vscode/extensions/felixfbecker.php-intellisense-2.3.10/node_modules/vscode-languageclient/lib/protocolConverter.js:134:63)
[2019-06-12 19:05:16.971] [exthost] [error] [felixfbecker.php-intellisense] provider FAILED
[2019-06-12 19:05:16.971] [exthost] [error] Error: Illegal argument: character must be non-negative
	at Object.t.illegalArgument (/snap/code/8/usr/share/code/resources/app/out/vs/workbench/services/extensions/node/extensionHostProcess.js:12:612)
	at new m (/snap/code/8/usr/share/code/resources/app/out/vs/workbench/services/extensions/node/extensionHostProcess.js:334:312)
	at new m (/snap/code/8/usr/share/code/resources/app/out/vs/workbench/services/extensions/node/extensionHostProcess.js:333:525)
	at asPosition (/home/mostafa/.vscode/extensions/felixfbecker.php-intellisense-2.3.10/node_modules/vscode-languageclient/lib/protocolConverter.js:53:16)
	at asRange (/home/mostafa/.vscode/extensions/felixfbecker.php-intellisense-2.3.10/node_modules/vscode-languageclient/lib/protocolConverter.js:59:31)
	at asHover (/home/mostafa/.vscode/extensions/felixfbecker.php-intellisense-2.3.10/node_modules/vscode-languageclient/lib/protocolConverter.js:134:63)
[2019-06-12 19:05:19.983] [exthost] [error] [felixfbecker.php-intellisense] provider FAILED
[2019-06-12 19:05:19.984] [exthost] [error] Error: Illegal argument: character must be non-negative
	at Object.t.illegalArgument (/snap/code/8/usr/share/code/resources/app/out/vs/workbench/services/extensions/node/extensionHostProcess.js:12:612)
	at new m (/snap/code/8/usr/share/code/resources/app/out/vs/workbench/services/extensions/node/extensionHostProcess.js:334:312)
	at new m (/snap/code/8/usr/share/code/resources/app/out/vs/workbench/services/extensions/node/extensionHostProcess.js:333:525)
	at asPosition (/home/mostafa/.vscode/extensions/felixfbecker.php-intellisense-2.3.10/node_modules/vscode-languageclient/lib/protocolConverter.js:53:16)
	at asRange (/home/mostafa/.vscode/extensions/felixfbecker.php-intellisense-2.3.10/node_modules/vscode-languageclient/lib/protocolConverter.js:59:31)
	at asHover (/home/mostafa/.vscode/extensions/felixfbecker.php-intellisense-2.3.10/node_modules/vscode-languageclient/lib/protocolConverter.js:134:63)
[2019-06-12 19:05:25.835] [exthost] [error] [felixfbecker.php-intellisense] provider FAILED
[2019-06-12 19:05:25.836] [exthost] [error] Error: Illegal argument: character must be non-negative
	at Object.t.illegalArgument (/snap/code/8/usr/share/code/resources/app/out/vs/workbench/services/extensions/node/extensionHostProcess.js:12:612)
	at new m (/snap/code/8/usr/share/code/resources/app/out/vs/workbench/services/extensions/node/extensionHostProcess.js:334:312)
	at new m (/snap/code/8/usr/share/code/resources/app/out/vs/workbench/services/extensions/node/extensionHostProcess.js:333:525)
	at asPosition (/home/mostafa/.vscode/extensions/felixfbecker.php-intellisense-2.3.10/node_modules/vscode-languageclient/lib/protocolConverter.js:53:16)
	at asRange (/home/mostafa/.vscode/extensions/felixfbecker.php-intellisense-2.3.10/node_modules/vscode-languageclient/lib/protocolConverter.js:59:31)
	at asHover (/home/mostafa/.vscode/extensions/felixfbecker.php-intellisense-2.3.10/node_modules/vscode-languageclient/lib/protocolConverter.js:134:63)
[2019-06-12 19:05:26.640] [exthost] [error] [felixfbecker.php-intellisense] provider FAILED
[2019-06-12 19:05:26.641] [exthost] [error] Error: Illegal argument: character must be non-negative
	at Object.t.illegalArgument (/snap/code/8/usr/share/code/resources/app/out/vs/workbench/services/extensions/node/extensionHostProcess.js:12:612)
	at new m (/snap/code/8/usr/share/code/resources/app/out/vs/workbench/services/extensions/node/extensionHostProcess.js:334:312)
	at new m (/snap/code/8/usr/share/code/resources/app/out/vs/workbench/services/extensions/node/extensionHostProcess.js:333:525)
	at asPosition (/home/mostafa/.vscode/extensions/felixfbecker.php-intellisense-2.3.10/node_modules/vscode-languageclient/lib/protocolConverter.js:53:16)
	at asRange (/home/mostafa/.vscode/extensions/felixfbecker.php-intellisense-2.3.10/node_modules/vscode-languageclient/lib/protocolConverter.js:59:31)
	at asHover (/home/mostafa/.vscode/extensions/felixfbecker.php-intellisense-2.3.10/node_modules/vscode-languageclient/lib/protocolConverter.js:134:63)
[2019-06-12 19:05:28.616] [exthost] [error] [felixfbecker.php-intellisense] provider FAILED
[2019-06-12 19:05:28.617] [exthost] [error] Error: Illegal argument: character must be non-negative
	at Object.t.illegalArgument (/snap/code/8/usr/share/code/resources/app/out/vs/workbench/services/extensions/node/extensionHostProcess.js:12:612)
	at new m (/snap/code/8/usr/share/code/resources/app/out/vs/workbench/services/extensions/node/extensionHostProcess.js:334:312)
	at new m (/snap/code/8/usr/share/code/resources/app/out/vs/workbench/services/extensions/node/extensionHostProcess.js:333:525)
	at asPosition (/home/mostafa/.vscode/extensions/felixfbecker.php-intellisense-2.3.10/node_modules/vscode-languageclient/lib/protocolConverter.js:53:16)
	at asRange (/home/mostafa/.vscode/extensions/felixfbecker.php-intellisense-2.3.10/node_modules/vscode-languageclient/lib/protocolConverter.js:59:31)
	at asHover (/home/mostafa/.vscode/extensions/felixfbecker.php-intellisense-2.3.10/node_modules/vscode-languageclient/lib/protocolConverter.js:134:63)
[2019-06-12 19:05:30.221] [exthost] [error] [felixfbecker.php-intellisense] provider FAILED
[2019-06-12 19:05:30.222] [exthost] [error] Error: Illegal argument: character must be non-negative
	at Object.t.illegalArgument (/snap/code/8/usr/share/code/resources/app/out/vs/workbench/services/extensions/node/extensionHostProcess.js:12:612)
	at new m (/snap/code/8/usr/share/code/resources/app/out/vs/workbench/services/extensions/node/extensionHostProcess.js:334:312)
	at new m (/snap/code/8/usr/share/code/resources/app/out/vs/workbench/services/extensions/node/extensionHostProcess.js:333:525)
	at asPosition (/home/mostafa/.vscode/extensions/felixfbecker.php-intellisense-2.3.10/node_modules/vscode-languageclient/lib/protocolConverter.js:53:16)
	at asRange (/home/mostafa/.vscode/extensions/felixfbecker.php-intellisense-2.3.10/node_modules/vscode-languageclient/lib/protocolConverter.js:59:31)
	at asHover (/home/mostafa/.vscode/extensions/felixfbecker.php-intellisense-2.3.10/node_modules/vscode-languageclient/lib/protocolConverter.js:134:63)
[2019-06-12 19:05:30.819] [exthost] [error] [felixfbecker.php-intellisense] provider FAILED
[2019-06-12 19:05:30.819] [exthost] [error] Error: Illegal argument: character must be non-negative
	at Object.t.illegalArgument (/snap/code/8/usr/share/code/resources/app/out/vs/workbench/services/extensions/node/extensionHostProcess.js:12:612)
	at new m (/snap/code/8/usr/share/code/resources/app/out/vs/workbench/services/extensions/node/extensionHostProcess.js:334:312)
	at new m (/snap/code/8/usr/share/code/resources/app/out/vs/workbench/services/extensions/node/extensionHostProcess.js:333:525)
	at asPosition (/home/mostafa/.vscode/extensions/felixfbecker.php-intellisense-2.3.10/node_modules/vscode-languageclient/lib/protocolConverter.js:53:16)
	at asRange (/home/mostafa/.vscode/extensions/felixfbecker.php-intellisense-2.3.10/node_modules/vscode-languageclient/lib/protocolConverter.js:59:31)
	at asHover (/home/mostafa/.vscode/extensions/felixfbecker.php-intellisense-2.3.10/node_modules/vscode-languageclient/lib/protocolConverter.js:134:63)
[2019-06-12 19:05:58.846] [exthost] [error] [felixfbecker.php-intellisense] provider FAILED
[2019-06-12 19:05:58.846] [exthost] [error] Error: Illegal argument: character must be non-negative
	at Object.t.illegalArgument (/snap/code/8/usr/share/code/resources/app/out/vs/workbench/services/extensions/node/extensionHostProcess.js:12:612)
	at new m (/snap/code/8/usr/share/code/resources/app/out/vs/workbench/services/extensions/node/extensionHostProcess.js:334:312)
	at new m (/snap/code/8/usr/share/code/resources/app/out/vs/workbench/services/extensions/node/extensionHostProcess.js:333:525)
	at asPosition (/home/mostafa/.vscode/extensions/felixfbecker.php-intellisense-2.3.10/node_modules/vscode-languageclient/lib/protocolConverter.js:53:16)
	at asRange (/home/mostafa/.vscode/extensions/felixfbecker.php-intellisense-2.3.10/node_modules/vscode-languageclient/lib/protocolConverter.js:59:31)
	at asHover (/home/mostafa/.vscode/extensions/felixfbecker.php-intellisense-2.3.10/node_modules/vscode-languageclient/lib/protocolConverter.js:134:63)
[2019-06-12 19:05:59.381] [exthost] [error] [felixfbecker.php-intellisense] provider FAILED
[2019-06-12 19:05:59.381] [exthost] [error] Error: Illegal argument: character must be non-negative
	at Object.t.illegalArgument (/snap/code/8/usr/share/code/resources/app/out/vs/workbench/services/extensions/node/extensionHostProcess.js:12:612)
	at new m (/snap/code/8/usr/share/code/resources/app/out/vs/workbench/services/extensions/node/extensionHostProcess.js:334:312)
	at new m (/snap/code/8/usr/share/code/resources/app/out/vs/workbench/services/extensions/node/extensionHostProcess.js:333:525)
	at asPosition (/home/mostafa/.vscode/extensions/felixfbecker.php-intellisense-2.3.10/node_modules/vscode-languageclient/lib/protocolConverter.js:53:16)
	at asRange (/home/mostafa/.vscode/extensions/felixfbecker.php-intellisense-2.3.10/node_modules/vscode-languageclient/lib/protocolConverter.js:59:31)
	at asHover (/home/mostafa/.vscode/extensions/felixfbecker.php-intellisense-2.3.10/node_modules/vscode-languageclient/lib/protocolConverter.js:134:63)
[2019-06-12 19:05:59.682] [exthost] [error] [felixfbecker.php-intellisense] provider FAILED
[2019-06-12 19:05:59.682] [exthost] [error] Error: Illegal argument: character must be non-negative
	at Object.t.illegalArgument (/snap/code/8/usr/share/code/resources/app/out/vs/workbench/services/extensions/node/extensionHostProcess.js:12:612)
	at new m (/snap/code/8/usr/share/code/resources/app/out/vs/workbench/services/extensions/node/extensionHostProcess.js:334:312)
	at new m (/snap/code/8/usr/share/code/resources/app/out/vs/workbench/services/extensions/node/extensionHostProcess.js:333:525)
	at asPosition (/home/mostafa/.vscode/extensions/felixfbecker.php-intellisense-2.3.10/node_modules/vscode-languageclient/lib/protocolConverter.js:53:16)
	at asRange (/home/mostafa/.vscode/extensions/felixfbecker.php-intellisense-2.3.10/node_modules/vscode-languageclient/lib/protocolConverter.js:59:31)
	at asHover (/home/mostafa/.vscode/extensions/felixfbecker.php-intellisense-2.3.10/node_modules/vscode-languageclient/lib/protocolConverter.js:134:63)
[2019-06-12 19:10:19.371] [exthost] [error] [felixfbecker.php-intellisense] provider FAILED
[2019-06-12 19:10:19.371] [exthost] [error] Error: Illegal argument: character must be non-negative
	at Object.t.illegalArgument (/snap/code/8/usr/share/code/resources/app/out/vs/workbench/services/extensions/node/extensionHostProcess.js:12:612)
	at new m (/snap/code/8/usr/share/code/resources/app/out/vs/workbench/services/extensions/node/extensionHostProcess.js:334:312)
	at new m (/snap/code/8/usr/share/code/resources/app/out/vs/workbench/services/extensions/node/extensionHostProcess.js:333:525)
	at asPosition (/home/mostafa/.vscode/extensions/felixfbecker.php-intellisense-2.3.10/node_modules/vscode-languageclient/lib/protocolConverter.js:53:16)
	at asRange (/home/mostafa/.vscode/extensions/felixfbecker.php-intellisense-2.3.10/node_modules/vscode-languageclient/lib/protocolConverter.js:59:31)
	at asHover (/home/mostafa/.vscode/extensions/felixfbecker.php-intellisense-2.3.10/node_modules/vscode-languageclient/lib/protocolConverter.js:134:63)
[2019-06-12 19:11:15.778] [exthost] [error] [felixfbecker.php-intellisense] provider FAILED
[2019-06-12 19:11:15.779] [exthost] [error] Error: Illegal argument: character must be non-negative
	at Object.t.illegalArgument (/snap/code/8/usr/share/code/resources/app/out/vs/workbench/services/extensions/node/extensionHostProcess.js:12:612)
	at new m (/snap/code/8/usr/share/code/resources/app/out/vs/workbench/services/extensions/node/extensionHostProcess.js:334:312)
	at new m (/snap/code/8/usr/share/code/resources/app/out/vs/workbench/services/extensions/node/extensionHostProcess.js:333:525)
	at asPosition (/home/mostafa/.vscode/extensions/felixfbecker.php-intellisense-2.3.10/node_modules/vscode-languageclient/lib/protocolConverter.js:53:16)
	at asRange (/home/mostafa/.vscode/extensions/felixfbecker.php-intellisense-2.3.10/node_modules/vscode-languageclient/lib/protocolConverter.js:59:31)
	at asHover (/home/mostafa/.vscode/extensions/felixfbecker.php-intellisense-2.3.10/node_modules/vscode-languageclient/lib/protocolConverter.js:134:63)
[2019-06-12 19:11:30.705] [exthost] [error] [felixfbecker.php-intellisense] provider FAILED
[2019-06-12 19:11:30.706] [exthost] [error] Error: Illegal argument: character must be non-negative
	at Object.t.illegalArgument (/snap/code/8/usr/share/code/resources/app/out/vs/workbench/services/extensions/node/extensionHostProcess.js:12:612)
	at new m (/snap/code/8/usr/share/code/resources/app/out/vs/workbench/services/extensions/node/extensionHostProcess.js:334:312)
	at new m (/snap/code/8/usr/share/code/resources/app/out/vs/workbench/services/extensions/node/extensionHostProcess.js:333:525)
	at asPosition (/home/mostafa/.vscode/extensions/felixfbecker.php-intellisense-2.3.10/node_modules/vscode-languageclient/lib/protocolConverter.js:53:16)
	at asRange (/home/mostafa/.vscode/extensions/felixfbecker.php-intellisense-2.3.10/node_modules/vscode-languageclient/lib/protocolConverter.js:59:31)
	at asHover (/home/mostafa/.vscode/extensions/felixfbecker.php-intellisense-2.3.10/node_modules/vscode-languageclient/lib/protocolConverter.js:134:63)
[2019-06-12 19:11:34.156] [exthost] [error] [felixfbecker.php-intellisense] provider FAILED
[2019-06-12 19:11:34.156] [exthost] [error] Error: Illegal argument: character must be non-negative
	at Object.t.illegalArgument (/snap/code/8/usr/share/code/resources/app/out/vs/workbench/services/extensions/node/extensionHostProcess.js:12:612)
	at new m (/snap/code/8/usr/share/code/resources/app/out/vs/workbench/services/extensions/node/extensionHostProcess.js:334:312)
	at new m (/snap/code/8/usr/share/code/resources/app/out/vs/workbench/services/extensions/node/extensionHostProcess.js:333:525)
	at asPosition (/home/mostafa/.vscode/extensions/felixfbecker.php-intellisense-2.3.10/node_modules/vscode-languageclient/lib/protocolConverter.js:53:16)
	at asRange (/home/mostafa/.vscode/extensions/felixfbecker.php-intellisense-2.3.10/node_modules/vscode-languageclient/lib/protocolConverter.js:59:31)
	at asHover (/home/mostafa/.vscode/extensions/felixfbecker.php-intellisense-2.3.10/node_modules/vscode-languageclient/lib/protocolConverter.js:134:63)
[2019-06-12 19:11:34.769] [exthost] [error] [felixfbecker.php-intellisense] provider FAILED
[2019-06-12 19:11:34.770] [exthost] [error] Error: Illegal argument: character must be non-negative
	at Object.t.illegalArgument (/snap/code/8/usr/share/code/resources/app/out/vs/workbench/services/extensions/node/extensionHostProcess.js:12:612)
	at new m (/snap/code/8/usr/share/code/resources/app/out/vs/workbench/services/extensions/node/extensionHostProcess.js:334:312)
	at new m (/snap/code/8/usr/share/code/resources/app/out/vs/workbench/services/extensions/node/extensionHostProcess.js:333:525)
	at asPosition (/home/mostafa/.vscode/extensions/felixfbecker.php-intellisense-2.3.10/node_modules/vscode-languageclient/lib/protocolConverter.js:53:16)
	at asRange (/home/mostafa/.vscode/extensions/felixfbecker.php-intellisense-2.3.10/node_modules/vscode-languageclient/lib/protocolConverter.js:59:31)
	at asHover (/home/mostafa/.vscode/extensions/felixfbecker.php-intellisense-2.3.10/node_modules/vscode-languageclient/lib/protocolConverter.js:134:63)
[2019-06-12 19:11:39.993] [exthost] [error] [felixfbecker.php-intellisense] provider FAILED
[2019-06-12 19:11:39.993] [exthost] [error] Error: Illegal argument: character must be non-negative
	at Object.t.illegalArgument (/snap/code/8/usr/share/code/resources/app/out/vs/workbench/services/extensions/node/extensionHostProcess.js:12:612)
	at new m (/snap/code/8/usr/share/code/resources/app/out/vs/workbench/services/extensions/node/extensionHostProcess.js:334:312)
	at new m (/snap/code/8/usr/share/code/resources/app/out/vs/workbench/services/extensions/node/extensionHostProcess.js:333:525)
	at asPosition (/home/mostafa/.vscode/extensions/felixfbecker.php-intellisense-2.3.10/node_modules/vscode-languageclient/lib/protocolConverter.js:53:16)
	at asRange (/home/mostafa/.vscode/extensions/felixfbecker.php-intellisense-2.3.10/node_modules/vscode-languageclient/lib/protocolConverter.js:59:31)
	at asHover (/home/mostafa/.vscode/extensions/felixfbecker.php-intellisense-2.3.10/node_modules/vscode-languageclient/lib/protocolConverter.js:134:63)
[2019-06-12 19:11:40.296] [exthost] [error] [felixfbecker.php-intellisense] provider FAILED
[2019-06-12 19:11:40.297] [exthost] [error] Error: Illegal argument: character must be non-negative
	at Object.t.illegalArgument (/snap/code/8/usr/share/code/resources/app/out/vs/workbench/services/extensions/node/extensionHostProcess.js:12:612)
	at new m (/snap/code/8/usr/share/code/resources/app/out/vs/workbench/services/extensions/node/extensionHostProcess.js:334:312)
	at new m (/snap/code/8/usr/share/code/resources/app/out/vs/workbench/services/extensions/node/extensionHostProcess.js:333:525)
	at asPosition (/home/mostafa/.vscode/extensions/felixfbecker.php-intellisense-2.3.10/node_modules/vscode-languageclient/lib/protocolConverter.js:53:16)
	at asRange (/home/mostafa/.vscode/extensions/felixfbecker.php-intellisense-2.3.10/node_modules/vscode-languageclient/lib/protocolConverter.js:59:31)
	at asHover (/home/mostafa/.vscode/extensions/felixfbecker.php-intellisense-2.3.10/node_modules/vscode-languageclient/lib/protocolConverter.js:134:63)
[2019-06-12 19:11:40.819] [exthost] [error] [felixfbecker.php-intellisense] provider FAILED
[2019-06-12 19:11:40.819] [exthost] [error] Error: Illegal argument: character must be non-negative
	at Object.t.illegalArgument (/snap/code/8/usr/share/code/resources/app/out/vs/workbench/services/extensions/node/extensionHostProcess.js:12:612)
	at new m (/snap/code/8/usr/share/code/resources/app/out/vs/workbench/services/extensions/node/extensionHostProcess.js:334:312)
	at new m (/snap/code/8/usr/share/code/resources/app/out/vs/workbench/services/extensions/node/extensionHostProcess.js:333:525)
	at asPosition (/home/mostafa/.vscode/extensions/felixfbecker.php-intellisense-2.3.10/node_modules/vscode-languageclient/lib/protocolConverter.js:53:16)
	at asRange (/home/mostafa/.vscode/extensions/felixfbecker.php-intellisense-2.3.10/node_modules/vscode-languageclient/lib/protocolConverter.js:59:31)
	at asHover (/home/mostafa/.vscode/extensions/felixfbecker.php-intellisense-2.3.10/node_modules/vscode-languageclient/lib/protocolConverter.js:134:63)
[2019-06-12 19:11:41.520] [exthost] [error] [felixfbecker.php-intellisense] provider FAILED
[2019-06-12 19:11:41.521] [exthost] [error] Error: Illegal argument: character must be non-negative
	at Object.t.illegalArgument (/snap/code/8/usr/share/code/resources/app/out/vs/workbench/services/extensions/node/extensionHostProcess.js:12:612)
	at new m (/snap/code/8/usr/share/code/resources/app/out/vs/workbench/services/extensions/node/extensionHostProcess.js:334:312)
	at new m (/snap/code/8/usr/share/code/resources/app/out/vs/workbench/services/extensions/node/extensionHostProcess.js:333:525)
	at asPosition (/home/mostafa/.vscode/extensions/felixfbecker.php-intellisense-2.3.10/node_modules/vscode-languageclient/lib/protocolConverter.js:53:16)
	at asRange (/home/mostafa/.vscode/extensions/felixfbecker.php-intellisense-2.3.10/node_modules/vscode-languageclient/lib/protocolConverter.js:59:31)
	at asHover (/home/mostafa/.vscode/extensions/felixfbecker.php-intellisense-2.3.10/node_modules/vscode-languageclient/lib/protocolConverter.js:134:63)
[2019-06-12 19:11:59.356] [exthost] [error] [felixfbecker.php-intellisense] provider FAILED
[2019-06-12 19:11:59.356] [exthost] [error] Error: Illegal argument: character must be non-negative
	at Object.t.illegalArgument (/snap/code/8/usr/share/code/resources/app/out/vs/workbench/services/extensions/node/extensionHostProcess.js:12:612)
	at new m (/snap/code/8/usr/share/code/resources/app/out/vs/workbench/services/extensions/node/extensionHostProcess.js:334:312)
	at new m (/snap/code/8/usr/share/code/resources/app/out/vs/workbench/services/extensions/node/extensionHostProcess.js:333:525)
	at asPosition (/home/mostafa/.vscode/extensions/felixfbecker.php-intellisense-2.3.10/node_modules/vscode-languageclient/lib/protocolConverter.js:53:16)
	at asRange (/home/mostafa/.vscode/extensions/felixfbecker.php-intellisense-2.3.10/node_modules/vscode-languageclient/lib/protocolConverter.js:59:31)
	at asHover (/home/mostafa/.vscode/extensions/felixfbecker.php-intellisense-2.3.10/node_modules/vscode-languageclient/lib/protocolConverter.js:134:63)
[2019-06-12 19:11:59.875] [exthost] [error] [felixfbecker.php-intellisense] provider FAILED
[2019-06-12 19:11:59.875] [exthost] [error] Error: Illegal argument: character must be non-negative
	at Object.t.illegalArgument (/snap/code/8/usr/share/code/resources/app/out/vs/workbench/services/extensions/node/extensionHostProcess.js:12:612)
	at new m (/snap/code/8/usr/share/code/resources/app/out/vs/workbench/services/extensions/node/extensionHostProcess.js:334:312)
	at new m (/snap/code/8/usr/share/code/resources/app/out/vs/workbench/services/extensions/node/extensionHostProcess.js:333:525)
	at asPosition (/home/mostafa/.vscode/extensions/felixfbecker.php-intellisense-2.3.10/node_modules/vscode-languageclient/lib/protocolConverter.js:53:16)
	at asRange (/home/mostafa/.vscode/extensions/felixfbecker.php-intellisense-2.3.10/node_modules/vscode-languageclient/lib/protocolConverter.js:59:31)
	at asHover (/home/mostafa/.vscode/extensions/felixfbecker.php-intellisense-2.3.10/node_modules/vscode-languageclient/lib/protocolConverter.js:134:63)
[2019-06-12 19:12:36.088] [exthost] [error] [felixfbecker.php-intellisense] provider FAILED
[2019-06-12 19:12:36.088] [exthost] [error] Error: Illegal argument: character must be non-negative
	at Object.t.illegalArgument (/snap/code/8/usr/share/code/resources/app/out/vs/workbench/services/extensions/node/extensionHostProcess.js:12:612)
	at new m (/snap/code/8/usr/share/code/resources/app/out/vs/workbench/services/extensions/node/extensionHostProcess.js:334:312)
	at new m (/snap/code/8/usr/share/code/resources/app/out/vs/workbench/services/extensions/node/extensionHostProcess.js:333:525)
	at asPosition (/home/mostafa/.vscode/extensions/felixfbecker.php-intellisense-2.3.10/node_modules/vscode-languageclient/lib/protocolConverter.js:53:16)
	at asRange (/home/mostafa/.vscode/extensions/felixfbecker.php-intellisense-2.3.10/node_modules/vscode-languageclient/lib/protocolConverter.js:59:31)
	at asHover (/home/mostafa/.vscode/extensions/felixfbecker.php-intellisense-2.3.10/node_modules/vscode-languageclient/lib/protocolConverter.js:134:63)
[2019-06-12 19:13:03.071] [exthost] [error] [felixfbecker.php-intellisense] provider FAILED
[2019-06-12 19:13:03.071] [exthost] [error] Error: Illegal argument: character must be non-negative
	at Object.t.illegalArgument (/snap/code/8/usr/share/code/resources/app/out/vs/workbench/services/extensions/node/extensionHostProcess.js:12:612)
	at new m (/snap/code/8/usr/share/code/resources/app/out/vs/workbench/services/extensions/node/extensionHostProcess.js:334:312)
	at new m (/snap/code/8/usr/share/code/resources/app/out/vs/workbench/services/extensions/node/extensionHostProcess.js:333:525)
	at asPosition (/home/mostafa/.vscode/extensions/felixfbecker.php-intellisense-2.3.10/node_modules/vscode-languageclient/lib/protocolConverter.js:53:16)
	at asRange (/home/mostafa/.vscode/extensions/felixfbecker.php-intellisense-2.3.10/node_modules/vscode-languageclient/lib/protocolConverter.js:59:31)
	at asHover (/home/mostafa/.vscode/extensions/felixfbecker.php-intellisense-2.3.10/node_modules/vscode-languageclient/lib/protocolConverter.js:134:63)
[2019-06-12 19:34:07.484] [exthost] [error] [felixfbecker.php-intellisense] provider FAILED
[2019-06-12 19:34:07.485] [exthost] [error] Error: Illegal argument: character must be non-negative
	at Object.t.illegalArgument (/snap/code/8/usr/share/code/resources/app/out/vs/workbench/services/extensions/node/extensionHostProcess.js:12:612)
	at new m (/snap/code/8/usr/share/code/resources/app/out/vs/workbench/services/extensions/node/extensionHostProcess.js:334:312)
	at new m (/snap/code/8/usr/share/code/resources/app/out/vs/workbench/services/extensions/node/extensionHostProcess.js:333:525)
	at asPosition (/home/mostafa/.vscode/extensions/felixfbecker.php-intellisense-2.3.10/node_modules/vscode-languageclient/lib/protocolConverter.js:53:16)
	at asRange (/home/mostafa/.vscode/extensions/felixfbecker.php-intellisense-2.3.10/node_modules/vscode-languageclient/lib/protocolConverter.js:59:31)
	at asHover (/home/mostafa/.vscode/extensions/felixfbecker.php-intellisense-2.3.10/node_modules/vscode-languageclient/lib/protocolConverter.js:134:63)
[2019-06-12 19:37:29.768] [exthost] [error] [felixfbecker.php-intellisense] provider FAILED
[2019-06-12 19:37:29.769] [exthost] [error] Error: Illegal argument: character must be non-negative
	at Object.t.illegalArgument (/snap/code/8/usr/share/code/resources/app/out/vs/workbench/services/extensions/node/extensionHostProcess.js:12:612)
	at new m (/snap/code/8/usr/share/code/resources/app/out/vs/workbench/services/extensions/node/extensionHostProcess.js:334:312)
	at new m (/snap/code/8/usr/share/code/resources/app/out/vs/workbench/services/extensions/node/extensionHostProcess.js:333:525)
	at asPosition (/home/mostafa/.vscode/extensions/felixfbecker.php-intellisense-2.3.10/node_modules/vscode-languageclient/lib/protocolConverter.js:53:16)
	at asRange (/home/mostafa/.vscode/extensions/felixfbecker.php-intellisense-2.3.10/node_modules/vscode-languageclient/lib/protocolConverter.js:59:31)
	at asHover (/home/mostafa/.vscode/extensions/felixfbecker.php-intellisense-2.3.10/node_modules/vscode-languageclient/lib/protocolConverter.js:134:63)
[2019-06-12 19:37:37.183] [exthost] [error] [felixfbecker.php-intellisense] provider FAILED
[2019-06-12 19:37:37.183] [exthost] [error] Error: Illegal argument: character must be non-negative
	at Object.t.illegalArgument (/snap/code/8/usr/share/code/resources/app/out/vs/workbench/services/extensions/node/extensionHostProcess.js:12:612)
	at new m (/snap/code/8/usr/share/code/resources/app/out/vs/workbench/services/extensions/node/extensionHostProcess.js:334:312)
	at new m (/snap/code/8/usr/share/code/resources/app/out/vs/workbench/services/extensions/node/extensionHostProcess.js:333:525)
	at asPosition (/home/mostafa/.vscode/extensions/felixfbecker.php-intellisense-2.3.10/node_modules/vscode-languageclient/lib/protocolConverter.js:53:16)
	at asRange (/home/mostafa/.vscode/extensions/felixfbecker.php-intellisense-2.3.10/node_modules/vscode-languageclient/lib/protocolConverter.js:59:31)
	at asHover (/home/mostafa/.vscode/extensions/felixfbecker.php-intellisense-2.3.10/node_modules/vscode-languageclient/lib/protocolConverter.js:134:63)
[2019-06-12 19:37:39.968] [exthost] [error] [felixfbecker.php-intellisense] provider FAILED
[2019-06-12 19:37:39.969] [exthost] [error] Error: Illegal argument: character must be non-negative
	at Object.t.illegalArgument (/snap/code/8/usr/share/code/resources/app/out/vs/workbench/services/extensions/node/extensionHostProcess.js:12:612)
	at new m (/snap/code/8/usr/share/code/resources/app/out/vs/workbench/services/extensions/node/extensionHostProcess.js:334:312)
	at new m (/snap/code/8/usr/share/code/resources/app/out/vs/workbench/services/extensions/node/extensionHostProcess.js:333:525)
	at asPosition (/home/mostafa/.vscode/extensions/felixfbecker.php-intellisense-2.3.10/node_modules/vscode-languageclient/lib/protocolConverter.js:53:16)
	at asRange (/home/mostafa/.vscode/extensions/felixfbecker.php-intellisense-2.3.10/node_modules/vscode-languageclient/lib/protocolConverter.js:59:31)
	at asHover (/home/mostafa/.vscode/extensions/felixfbecker.php-intellisense-2.3.10/node_modules/vscode-languageclient/lib/protocolConverter.js:134:63)
[2019-06-12 19:37:41.897] [exthost] [error] [felixfbecker.php-intellisense] provider FAILED
[2019-06-12 19:37:41.897] [exthost] [error] Error: Illegal argument: character must be non-negative
	at Object.t.illegalArgument (/snap/code/8/usr/share/code/resources/app/out/vs/workbench/services/extensions/node/extensionHostProcess.js:12:612)
	at new m (/snap/code/8/usr/share/code/resources/app/out/vs/workbench/services/extensions/node/extensionHostProcess.js:334:312)
	at new m (/snap/code/8/usr/share/code/resources/app/out/vs/workbench/services/extensions/node/extensionHostProcess.js:333:525)
	at asPosition (/home/mostafa/.vscode/extensions/felixfbecker.php-intellisense-2.3.10/node_modules/vscode-languageclient/lib/protocolConverter.js:53:16)
	at asRange (/home/mostafa/.vscode/extensions/felixfbecker.php-intellisense-2.3.10/node_modules/vscode-languageclient/lib/protocolConverter.js:59:31)
	at asHover (/home/mostafa/.vscode/extensions/felixfbecker.php-intellisense-2.3.10/node_modules/vscode-languageclient/lib/protocolConverter.js:134:63)
[2019-06-12 19:37:43.659] [exthost] [error] [felixfbecker.php-intellisense] provider FAILED
[2019-06-12 19:37:43.660] [exthost] [error] Error: Illegal argument: character must be non-negative
	at Object.t.illegalArgument (/snap/code/8/usr/share/code/resources/app/out/vs/workbench/services/extensions/node/extensionHostProcess.js:12:612)
	at new m (/snap/code/8/usr/share/code/resources/app/out/vs/workbench/services/extensions/node/extensionHostProcess.js:334:312)
	at new m (/snap/code/8/usr/share/code/resources/app/out/vs/workbench/services/extensions/node/extensionHostProcess.js:333:525)
	at asPosition (/home/mostafa/.vscode/extensions/felixfbecker.php-intellisense-2.3.10/node_modules/vscode-languageclient/lib/protocolConverter.js:53:16)
	at asRange (/home/mostafa/.vscode/extensions/felixfbecker.php-intellisense-2.3.10/node_modules/vscode-languageclient/lib/protocolConverter.js:59:31)
	at asHover (/home/mostafa/.vscode/extensions/felixfbecker.php-intellisense-2.3.10/node_modules/vscode-languageclient/lib/protocolConverter.js:134:63)
[2019-06-12 19:37:51.907] [exthost] [error] [felixfbecker.php-intellisense] provider FAILED
[2019-06-12 19:37:51.907] [exthost] [error] Error: Illegal argument: character must be non-negative
	at Object.t.illegalArgument (/snap/code/8/usr/share/code/resources/app/out/vs/workbench/services/extensions/node/extensionHostProcess.js:12:612)
	at new m (/snap/code/8/usr/share/code/resources/app/out/vs/workbench/services/extensions/node/extensionHostProcess.js:334:312)
	at new m (/snap/code/8/usr/share/code/resources/app/out/vs/workbench/services/extensions/node/extensionHostProcess.js:333:525)
	at asPosition (/home/mostafa/.vscode/extensions/felixfbecker.php-intellisense-2.3.10/node_modules/vscode-languageclient/lib/protocolConverter.js:53:16)
	at asRange (/home/mostafa/.vscode/extensions/felixfbecker.php-intellisense-2.3.10/node_modules/vscode-languageclient/lib/protocolConverter.js:59:31)
	at asHover (/home/mostafa/.vscode/extensions/felixfbecker.php-intellisense-2.3.10/node_modules/vscode-languageclient/lib/protocolConverter.js:134:63)
[2019-06-12 19:37:57.364] [exthost] [error] [felixfbecker.php-intellisense] provider FAILED
[2019-06-12 19:37:57.365] [exthost] [error] Error: Illegal argument: character must be non-negative
	at Object.t.illegalArgument (/snap/code/8/usr/share/code/resources/app/out/vs/workbench/services/extensions/node/extensionHostProcess.js:12:612)
	at new m (/snap/code/8/usr/share/code/resources/app/out/vs/workbench/services/extensions/node/extensionHostProcess.js:334:312)
	at new m (/snap/code/8/usr/share/code/resources/app/out/vs/workbench/services/extensions/node/extensionHostProcess.js:333:525)
	at asPosition (/home/mostafa/.vscode/extensions/felixfbecker.php-intellisense-2.3.10/node_modules/vscode-languageclient/lib/protocolConverter.js:53:16)
	at asRange (/home/mostafa/.vscode/extensions/felixfbecker.php-intellisense-2.3.10/node_modules/vscode-languageclient/lib/protocolConverter.js:59:31)
	at asHover (/home/mostafa/.vscode/extensions/felixfbecker.php-intellisense-2.3.10/node_modules/vscode-languageclient/lib/protocolConverter.js:134:63)
[2019-06-12 19:37:57.655] [exthost] [error] [felixfbecker.php-intellisense] provider FAILED
[2019-06-12 19:37:57.655] [exthost] [error] Error: Illegal argument: character must be non-negative
	at Object.t.illegalArgument (/snap/code/8/usr/share/code/resources/app/out/vs/workbench/services/extensions/node/extensionHostProcess.js:12:612)
	at new m (/snap/code/8/usr/share/code/resources/app/out/vs/workbench/services/extensions/node/extensionHostProcess.js:334:312)
	at new m (/snap/code/8/usr/share/code/resources/app/out/vs/workbench/services/extensions/node/extensionHostProcess.js:333:525)
	at asPosition (/home/mostafa/.vscode/extensions/felixfbecker.php-intellisense-2.3.10/node_modules/vscode-languageclient/lib/protocolConverter.js:53:16)
	at asRange (/home/mostafa/.vscode/extensions/felixfbecker.php-intellisense-2.3.10/node_modules/vscode-languageclient/lib/protocolConverter.js:59:31)
	at asHover (/home/mostafa/.vscode/extensions/felixfbecker.php-intellisense-2.3.10/node_modules/vscode-languageclient/lib/protocolConverter.js:134:63)
[2019-06-12 19:37:58.783] [exthost] [error] [felixfbecker.php-intellisense] provider FAILED
[2019-06-12 19:37:58.783] [exthost] [error] Error: Illegal argument: character must be non-negative
	at Object.t.illegalArgument (/snap/code/8/usr/share/code/resources/app/out/vs/workbench/services/extensions/node/extensionHostProcess.js:12:612)
	at new m (/snap/code/8/usr/share/code/resources/app/out/vs/workbench/services/extensions/node/extensionHostProcess.js:334:312)
	at new m (/snap/code/8/usr/share/code/resources/app/out/vs/workbench/services/extensions/node/extensionHostProcess.js:333:525)
	at asPosition (/home/mostafa/.vscode/extensions/felixfbecker.php-intellisense-2.3.10/node_modules/vscode-languageclient/lib/protocolConverter.js:53:16)
	at asRange (/home/mostafa/.vscode/extensions/felixfbecker.php-intellisense-2.3.10/node_modules/vscode-languageclient/lib/protocolConverter.js:59:31)
	at asHover (/home/mostafa/.vscode/extensions/felixfbecker.php-intellisense-2.3.10/node_modules/vscode-languageclient/lib/protocolConverter.js:134:63)
[2019-06-12 19:37:59.097] [exthost] [error] [felixfbecker.php-intellisense] provider FAILED
[2019-06-12 19:37:59.097] [exthost] [error] Error: Illegal argument: character must be non-negative
	at Object.t.illegalArgument (/snap/code/8/usr/share/code/resources/app/out/vs/workbench/services/extensions/node/extensionHostProcess.js:12:612)
	at new m (/snap/code/8/usr/share/code/resources/app/out/vs/workbench/services/extensions/node/extensionHostProcess.js:334:312)
	at new m (/snap/code/8/usr/share/code/resources/app/out/vs/workbench/services/extensions/node/extensionHostProcess.js:333:525)
	at asPosition (/home/mostafa/.vscode/extensions/felixfbecker.php-intellisense-2.3.10/node_modules/vscode-languageclient/lib/protocolConverter.js:53:16)
	at asRange (/home/mostafa/.vscode/extensions/felixfbecker.php-intellisense-2.3.10/node_modules/vscode-languageclient/lib/protocolConverter.js:59:31)
	at asHover (/home/mostafa/.vscode/extensions/felixfbecker.php-intellisense-2.3.10/node_modules/vscode-languageclient/lib/protocolConverter.js:134:63)
[2019-06-12 19:37:59.598] [exthost] [error] [felixfbecker.php-intellisense] provider FAILED
[2019-06-12 19:37:59.598] [exthost] [error] Error: Illegal argument: character must be non-negative
	at Object.t.illegalArgument (/snap/code/8/usr/share/code/resources/app/out/vs/workbench/services/extensions/node/extensionHostProcess.js:12:612)
	at new m (/snap/code/8/usr/share/code/resources/app/out/vs/workbench/services/extensions/node/extensionHostProcess.js:334:312)
	at new m (/snap/code/8/usr/share/code/resources/app/out/vs/workbench/services/extensions/node/extensionHostProcess.js:333:525)
	at asPosition (/home/mostafa/.vscode/extensions/felixfbecker.php-intellisense-2.3.10/node_modules/vscode-languageclient/lib/protocolConverter.js:53:16)
	at asRange (/home/mostafa/.vscode/extensions/felixfbecker.php-intellisense-2.3.10/node_modules/vscode-languageclient/lib/protocolConverter.js:59:31)
	at asHover (/home/mostafa/.vscode/extensions/felixfbecker.php-intellisense-2.3.10/node_modules/vscode-languageclient/lib/protocolConverter.js:134:63)
[2019-06-12 19:43:54.727] [exthost] [error] [felixfbecker.php-intellisense] provider FAILED
[2019-06-12 19:43:54.727] [exthost] [error] Error: Illegal argument: character must be non-negative
	at Object.t.illegalArgument (/snap/code/8/usr/share/code/resources/app/out/vs/workbench/services/extensions/node/extensionHostProcess.js:12:612)
	at new m (/snap/code/8/usr/share/code/resources/app/out/vs/workbench/services/extensions/node/extensionHostProcess.js:334:312)
	at new m (/snap/code/8/usr/share/code/resources/app/out/vs/workbench/services/extensions/node/extensionHostProcess.js:333:525)
	at asPosition (/home/mostafa/.vscode/extensions/felixfbecker.php-intellisense-2.3.10/node_modules/vscode-languageclient/lib/protocolConverter.js:53:16)
	at asRange (/home/mostafa/.vscode/extensions/felixfbecker.php-intellisense-2.3.10/node_modules/vscode-languageclient/lib/protocolConverter.js:59:31)
	at asHover (/home/mostafa/.vscode/extensions/felixfbecker.php-intellisense-2.3.10/node_modules/vscode-languageclient/lib/protocolConverter.js:134:63)
[2019-06-12 19:43:58.331] [exthost] [error] [felixfbecker.php-intellisense] provider FAILED
[2019-06-12 19:43:58.331] [exthost] [error] Error: Illegal argument: character must be non-negative
	at Object.t.illegalArgument (/snap/code/8/usr/share/code/resources/app/out/vs/workbench/services/extensions/node/extensionHostProcess.js:12:612)
	at new m (/snap/code/8/usr/share/code/resources/app/out/vs/workbench/services/extensions/node/extensionHostProcess.js:334:312)
	at new m (/snap/code/8/usr/share/code/resources/app/out/vs/workbench/services/extensions/node/extensionHostProcess.js:333:525)
	at asPosition (/home/mostafa/.vscode/extensions/felixfbecker.php-intellisense-2.3.10/node_modules/vscode-languageclient/lib/protocolConverter.js:53:16)
	at asRange (/home/mostafa/.vscode/extensions/felixfbecker.php-intellisense-2.3.10/node_modules/vscode-languageclient/lib/protocolConverter.js:59:31)
	at asHover (/home/mostafa/.vscode/extensions/felixfbecker.php-intellisense-2.3.10/node_modules/vscode-languageclient/lib/protocolConverter.js:134:63)
[2019-06-12 19:43:59.422] [exthost] [error] [felixfbecker.php-intellisense] provider FAILED
[2019-06-12 19:43:59.422] [exthost] [error] Error: Illegal argument: character must be non-negative
	at Object.t.illegalArgument (/snap/code/8/usr/share/code/resources/app/out/vs/workbench/services/extensions/node/extensionHostProcess.js:12:612)
	at new m (/snap/code/8/usr/share/code/resources/app/out/vs/workbench/services/extensions/node/extensionHostProcess.js:334:312)
	at new m (/snap/code/8/usr/share/code/resources/app/out/vs/workbench/services/extensions/node/extensionHostProcess.js:333:525)
	at asPosition (/home/mostafa/.vscode/extensions/felixfbecker.php-intellisense-2.3.10/node_modules/vscode-languageclient/lib/protocolConverter.js:53:16)
	at asRange (/home/mostafa/.vscode/extensions/felixfbecker.php-intellisense-2.3.10/node_modules/vscode-languageclient/lib/protocolConverter.js:59:31)
	at asHover (/home/mostafa/.vscode/extensions/felixfbecker.php-intellisense-2.3.10/node_modules/vscode-languageclient/lib/protocolConverter.js:134:63)
[2019-06-12 19:44:02.902] [exthost] [error] [felixfbecker.php-intellisense] provider FAILED
[2019-06-12 19:44:02.902] [exthost] [error] Error: Illegal argument: character must be non-negative
	at Object.t.illegalArgument (/snap/code/8/usr/share/code/resources/app/out/vs/workbench/services/extensions/node/extensionHostProcess.js:12:612)
	at new m (/snap/code/8/usr/share/code/resources/app/out/vs/workbench/services/extensions/node/extensionHostProcess.js:334:312)
	at new m (/snap/code/8/usr/share/code/resources/app/out/vs/workbench/services/extensions/node/extensionHostProcess.js:333:525)
	at asPosition (/home/mostafa/.vscode/extensions/felixfbecker.php-intellisense-2.3.10/node_modules/vscode-languageclient/lib/protocolConverter.js:53:16)
	at asRange (/home/mostafa/.vscode/extensions/felixfbecker.php-intellisense-2.3.10/node_modules/vscode-languageclient/lib/protocolConverter.js:59:31)
	at asHover (/home/mostafa/.vscode/extensions/felixfbecker.php-intellisense-2.3.10/node_modules/vscode-languageclient/lib/protocolConverter.js:134:63)
[2019-06-12 19:44:16.204] [exthost] [error] [felixfbecker.php-intellisense] provider FAILED
[2019-06-12 19:44:16.204] [exthost] [error] Error: Illegal argument: character must be non-negative
	at Object.t.illegalArgument (/snap/code/8/usr/share/code/resources/app/out/vs/workbench/services/extensions/node/extensionHostProcess.js:12:612)
	at new m (/snap/code/8/usr/share/code/resources/app/out/vs/workbench/services/extensions/node/extensionHostProcess.js:334:312)
	at new m (/snap/code/8/usr/share/code/resources/app/out/vs/workbench/services/extensions/node/extensionHostProcess.js:333:525)
	at asPosition (/home/mostafa/.vscode/extensions/felixfbecker.php-intellisense-2.3.10/node_modules/vscode-languageclient/lib/protocolConverter.js:53:16)
	at asRange (/home/mostafa/.vscode/extensions/felixfbecker.php-intellisense-2.3.10/node_modules/vscode-languageclient/lib/protocolConverter.js:59:31)
	at asHover (/home/mostafa/.vscode/extensions/felixfbecker.php-intellisense-2.3.10/node_modules/vscode-languageclient/lib/protocolConverter.js:134:63)
[2019-06-12 19:44:17.993] [exthost] [error] [felixfbecker.php-intellisense] provider FAILED
[2019-06-12 19:44:17.994] [exthost] [error] Error: Illegal argument: character must be non-negative
	at Object.t.illegalArgument (/snap/code/8/usr/share/code/resources/app/out/vs/workbench/services/extensions/node/extensionHostProcess.js:12:612)
	at new m (/snap/code/8/usr/share/code/resources/app/out/vs/workbench/services/extensions/node/extensionHostProcess.js:334:312)
	at new m (/snap/code/8/usr/share/code/resources/app/out/vs/workbench/services/extensions/node/extensionHostProcess.js:333:525)
	at asPosition (/home/mostafa/.vscode/extensions/felixfbecker.php-intellisense-2.3.10/node_modules/vscode-languageclient/lib/protocolConverter.js:53:16)
	at asRange (/home/mostafa/.vscode/extensions/felixfbecker.php-intellisense-2.3.10/node_modules/vscode-languageclient/lib/protocolConverter.js:59:31)
	at asHover (/home/mostafa/.vscode/extensions/felixfbecker.php-intellisense-2.3.10/node_modules/vscode-languageclient/lib/protocolConverter.js:134:63)
[2019-06-12 19:45:38.127] [exthost] [error] [felixfbecker.php-intellisense] provider FAILED
[2019-06-12 19:45:38.127] [exthost] [error] Error: Illegal argument: character must be non-negative
	at Object.t.illegalArgument (/snap/code/8/usr/share/code/resources/app/out/vs/workbench/services/extensions/node/extensionHostProcess.js:12:612)
	at new m (/snap/code/8/usr/share/code/resources/app/out/vs/workbench/services/extensions/node/extensionHostProcess.js:334:312)
	at new m (/snap/code/8/usr/share/code/resources/app/out/vs/workbench/services/extensions/node/extensionHostProcess.js:333:525)
	at asPosition (/home/mostafa/.vscode/extensions/felixfbecker.php-intellisense-2.3.10/node_modules/vscode-languageclient/lib/protocolConverter.js:53:16)
	at asRange (/home/mostafa/.vscode/extensions/felixfbecker.php-intellisense-2.3.10/node_modules/vscode-languageclient/lib/protocolConverter.js:59:31)
	at asHover (/home/mostafa/.vscode/extensions/felixfbecker.php-intellisense-2.3.10/node_modules/vscode-languageclient/lib/protocolConverter.js:134:63)
[2019-06-12 19:45:38.528] [exthost] [error] [felixfbecker.php-intellisense] provider FAILED
[2019-06-12 19:45:38.529] [exthost] [error] Error: Illegal argument: character must be non-negative
	at Object.t.illegalArgument (/snap/code/8/usr/share/code/resources/app/out/vs/workbench/services/extensions/node/extensionHostProcess.js:12:612)
	at new m (/snap/code/8/usr/share/code/resources/app/out/vs/workbench/services/extensions/node/extensionHostProcess.js:334:312)
	at new m (/snap/code/8/usr/share/code/resources/app/out/vs/workbench/services/extensions/node/extensionHostProcess.js:333:525)
	at asPosition (/home/mostafa/.vscode/extensions/felixfbecker.php-intellisense-2.3.10/node_modules/vscode-languageclient/lib/protocolConverter.js:53:16)
	at asRange (/home/mostafa/.vscode/extensions/felixfbecker.php-intellisense-2.3.10/node_modules/vscode-languageclient/lib/protocolConverter.js:59:31)
	at asHover (/home/mostafa/.vscode/extensions/felixfbecker.php-intellisense-2.3.10/node_modules/vscode-languageclient/lib/protocolConverter.js:134:63)
[2019-06-12 19:45:38.929] [exthost] [error] [felixfbecker.php-intellisense] provider FAILED
[2019-06-12 19:45:38.930] [exthost] [error] Error: Illegal argument: character must be non-negative
	at Object.t.illegalArgument (/snap/code/8/usr/share/code/resources/app/out/vs/workbench/services/extensions/node/extensionHostProcess.js:12:612)
	at new m (/snap/code/8/usr/share/code/resources/app/out/vs/workbench/services/extensions/node/extensionHostProcess.js:334:312)
	at new m (/snap/code/8/usr/share/code/resources/app/out/vs/workbench/services/extensions/node/extensionHostProcess.js:333:525)
	at asPosition (/home/mostafa/.vscode/extensions/felixfbecker.php-intellisense-2.3.10/node_modules/vscode-languageclient/lib/protocolConverter.js:53:16)
	at asRange (/home/mostafa/.vscode/extensions/felixfbecker.php-intellisense-2.3.10/node_modules/vscode-languageclient/lib/protocolConverter.js:59:31)
	at asHover (/home/mostafa/.vscode/extensions/felixfbecker.php-intellisense-2.3.10/node_modules/vscode-languageclient/lib/protocolConverter.js:134:63)
[2019-06-12 19:45:39.444] [exthost] [error] [felixfbecker.php-intellisense] provider FAILED
[2019-06-12 19:45:39.444] [exthost] [error] Error: Illegal argument: character must be non-negative
	at Object.t.illegalArgument (/snap/code/8/usr/share/code/resources/app/out/vs/workbench/services/extensions/node/extensionHostProcess.js:12:612)
	at new m (/snap/code/8/usr/share/code/resources/app/out/vs/workbench/services/extensions/node/extensionHostProcess.js:334:312)
	at new m (/snap/code/8/usr/share/code/resources/app/out/vs/workbench/services/extensions/node/extensionHostProcess.js:333:525)
	at asPosition (/home/mostafa/.vscode/extensions/felixfbecker.php-intellisense-2.3.10/node_modules/vscode-languageclient/lib/protocolConverter.js:53:16)
	at asRange (/home/mostafa/.vscode/extensions/felixfbecker.php-intellisense-2.3.10/node_modules/vscode-languageclient/lib/protocolConverter.js:59:31)
	at asHover (/home/mostafa/.vscode/extensions/felixfbecker.php-intellisense-2.3.10/node_modules/vscode-languageclient/lib/protocolConverter.js:134:63)
[2019-06-12 19:45:46.263] [exthost] [error] [felixfbecker.php-intellisense] provider FAILED
[2019-06-12 19:45:46.263] [exthost] [error] Error: Illegal argument: character must be non-negative
	at Object.t.illegalArgument (/snap/code/8/usr/share/code/resources/app/out/vs/workbench/services/extensions/node/extensionHostProcess.js:12:612)
	at new m (/snap/code/8/usr/share/code/resources/app/out/vs/workbench/services/extensions/node/extensionHostProcess.js:334:312)
	at new m (/snap/code/8/usr/share/code/resources/app/out/vs/workbench/services/extensions/node/extensionHostProcess.js:333:525)
	at asPosition (/home/mostafa/.vscode/extensions/felixfbecker.php-intellisense-2.3.10/node_modules/vscode-languageclient/lib/protocolConverter.js:53:16)
	at asRange (/home/mostafa/.vscode/extensions/felixfbecker.php-intellisense-2.3.10/node_modules/vscode-languageclient/lib/protocolConverter.js:59:31)
	at asHover (/home/mostafa/.vscode/extensions/felixfbecker.php-intellisense-2.3.10/node_modules/vscode-languageclient/lib/protocolConverter.js:134:63)
[2019-06-12 19:47:54.281] [exthost] [error] [felixfbecker.php-intellisense] provider FAILED
[2019-06-12 19:47:54.281] [exthost] [error] Error: Illegal argument: character must be non-negative
	at Object.t.illegalArgument (/snap/code/8/usr/share/code/resources/app/out/vs/workbench/services/extensions/node/extensionHostProcess.js:12:612)
	at new m (/snap/code/8/usr/share/code/resources/app/out/vs/workbench/services/extensions/node/extensionHostProcess.js:334:312)
	at new m (/snap/code/8/usr/share/code/resources/app/out/vs/workbench/services/extensions/node/extensionHostProcess.js:333:525)
	at asPosition (/home/mostafa/.vscode/extensions/felixfbecker.php-intellisense-2.3.10/node_modules/vscode-languageclient/lib/protocolConverter.js:53:16)
	at asRange (/home/mostafa/.vscode/extensions/felixfbecker.php-intellisense-2.3.10/node_modules/vscode-languageclient/lib/protocolConverter.js:59:31)
	at asHover (/home/mostafa/.vscode/extensions/felixfbecker.php-intellisense-2.3.10/node_modules/vscode-languageclient/lib/protocolConverter.js:134:63)
[2019-06-12 19:48:14.430] [exthost] [error] [felixfbecker.php-intellisense] provider FAILED
[2019-06-12 19:48:14.430] [exthost] [error] Error: Illegal argument: character must be non-negative
	at Object.t.illegalArgument (/snap/code/8/usr/share/code/resources/app/out/vs/workbench/services/extensions/node/extensionHostProcess.js:12:612)
	at new m (/snap/code/8/usr/share/code/resources/app/out/vs/workbench/services/extensions/node/extensionHostProcess.js:334:312)
	at new m (/snap/code/8/usr/share/code/resources/app/out/vs/workbench/services/extensions/node/extensionHostProcess.js:333:525)
	at asPosition (/home/mostafa/.vscode/extensions/felixfbecker.php-intellisense-2.3.10/node_modules/vscode-languageclient/lib/protocolConverter.js:53:16)
	at asRange (/home/mostafa/.vscode/extensions/felixfbecker.php-intellisense-2.3.10/node_modules/vscode-languageclient/lib/protocolConverter.js:59:31)
	at asHover (/home/mostafa/.vscode/extensions/felixfbecker.php-intellisense-2.3.10/node_modules/vscode-languageclient/lib/protocolConverter.js:134:63)
[2019-06-12 19:48:14.828] [exthost] [error] [felixfbecker.php-intellisense] provider FAILED
[2019-06-12 19:48:14.828] [exthost] [error] Error: Illegal argument: character must be non-negative
	at Object.t.illegalArgument (/snap/code/8/usr/share/code/resources/app/out/vs/workbench/services/extensions/node/extensionHostProcess.js:12:612)
	at new m (/snap/code/8/usr/share/code/resources/app/out/vs/workbench/services/extensions/node/extensionHostProcess.js:334:312)
	at new m (/snap/code/8/usr/share/code/resources/app/out/vs/workbench/services/extensions/node/extensionHostProcess.js:333:525)
	at asPosition (/home/mostafa/.vscode/extensions/felixfbecker.php-intellisense-2.3.10/node_modules/vscode-languageclient/lib/protocolConverter.js:53:16)
	at asRange (/home/mostafa/.vscode/extensions/felixfbecker.php-intellisense-2.3.10/node_modules/vscode-languageclient/lib/protocolConverter.js:59:31)
	at asHover (/home/mostafa/.vscode/extensions/felixfbecker.php-intellisense-2.3.10/node_modules/vscode-languageclient/lib/protocolConverter.js:134:63)
[2019-06-12 19:49:32.685] [exthost] [error] [felixfbecker.php-intellisense] provider FAILED
[2019-06-12 19:49:32.686] [exthost] [error] Error: Illegal argument: character must be non-negative
	at Object.t.illegalArgument (/snap/code/8/usr/share/code/resources/app/out/vs/workbench/services/extensions/node/extensionHostProcess.js:12:612)
	at new m (/snap/code/8/usr/share/code/resources/app/out/vs/workbench/services/extensions/node/extensionHostProcess.js:334:312)
	at new m (/snap/code/8/usr/share/code/resources/app/out/vs/workbench/services/extensions/node/extensionHostProcess.js:333:525)
	at asPosition (/home/mostafa/.vscode/extensions/felixfbecker.php-intellisense-2.3.10/node_modules/vscode-languageclient/lib/protocolConverter.js:53:16)
	at asRange (/home/mostafa/.vscode/extensions/felixfbecker.php-intellisense-2.3.10/node_modules/vscode-languageclient/lib/protocolConverter.js:59:31)
	at asHover (/home/mostafa/.vscode/extensions/felixfbecker.php-intellisense-2.3.10/node_modules/vscode-languageclient/lib/protocolConverter.js:134:63)
[2019-06-12 19:49:35.746] [exthost] [error] [felixfbecker.php-intellisense] provider FAILED
[2019-06-12 19:49:35.747] [exthost] [error] Error: Illegal argument: character must be non-negative
	at Object.t.illegalArgument (/snap/code/8/usr/share/code/resources/app/out/vs/workbench/services/extensions/node/extensionHostProcess.js:12:612)
	at new m (/snap/code/8/usr/share/code/resources/app/out/vs/workbench/services/extensions/node/extensionHostProcess.js:334:312)
	at new m (/snap/code/8/usr/share/code/resources/app/out/vs/workbench/services/extensions/node/extensionHostProcess.js:333:525)
	at asPosition (/home/mostafa/.vscode/extensions/felixfbecker.php-intellisense-2.3.10/node_modules/vscode-languageclient/lib/protocolConverter.js:53:16)
	at asRange (/home/mostafa/.vscode/extensions/felixfbecker.php-intellisense-2.3.10/node_modules/vscode-languageclient/lib/protocolConverter.js:59:31)
	at asHover (/home/mostafa/.vscode/extensions/felixfbecker.php-intellisense-2.3.10/node_modules/vscode-languageclient/lib/protocolConverter.js:134:63)
[2019-06-12 19:49:36.190] [exthost] [error] [felixfbecker.php-intellisense] provider FAILED
[2019-06-12 19:49:36.190] [exthost] [error] Error: Illegal argument: character must be non-negative
	at Object.t.illegalArgument (/snap/code/8/usr/share/code/resources/app/out/vs/workbench/services/extensions/node/extensionHostProcess.js:12:612)
	at new m (/snap/code/8/usr/share/code/resources/app/out/vs/workbench/services/extensions/node/extensionHostProcess.js:334:312)
	at new m (/snap/code/8/usr/share/code/resources/app/out/vs/workbench/services/extensions/node/extensionHostProcess.js:333:525)
	at asPosition (/home/mostafa/.vscode/extensions/felixfbecker.php-intellisense-2.3.10/node_modules/vscode-languageclient/lib/protocolConverter.js:53:16)
	at asRange (/home/mostafa/.vscode/extensions/felixfbecker.php-intellisense-2.3.10/node_modules/vscode-languageclient/lib/protocolConverter.js:59:31)
	at asHover (/home/mostafa/.vscode/extensions/felixfbecker.php-intellisense-2.3.10/node_modules/vscode-languageclient/lib/protocolConverter.js:134:63)
[2019-06-12 19:50:49.878] [exthost] [error] [felixfbecker.php-intellisense] provider FAILED
[2019-06-12 19:50:49.878] [exthost] [error] Error: Illegal argument: character must be non-negative
	at Object.t.illegalArgument (/snap/code/8/usr/share/code/resources/app/out/vs/workbench/services/extensions/node/extensionHostProcess.js:12:612)
	at new m (/snap/code/8/usr/share/code/resources/app/out/vs/workbench/services/extensions/node/extensionHostProcess.js:334:312)
	at new m (/snap/code/8/usr/share/code/resources/app/out/vs/workbench/services/extensions/node/extensionHostProcess.js:333:525)
	at asPosition (/home/mostafa/.vscode/extensions/felixfbecker.php-intellisense-2.3.10/node_modules/vscode-languageclient/lib/protocolConverter.js:53:16)
	at asRange (/home/mostafa/.vscode/extensions/felixfbecker.php-intellisense-2.3.10/node_modules/vscode-languageclient/lib/protocolConverter.js:59:31)
	at asHover (/home/mostafa/.vscode/extensions/felixfbecker.php-intellisense-2.3.10/node_modules/vscode-languageclient/lib/protocolConverter.js:134:63)
[2019-06-12 19:50:50.077] [exthost] [error] [felixfbecker.php-intellisense] provider FAILED
[2019-06-12 19:50:50.077] [exthost] [error] Error: Illegal argument: character must be non-negative
	at Object.t.illegalArgument (/snap/code/8/usr/share/code/resources/app/out/vs/workbench/services/extensions/node/extensionHostProcess.js:12:612)
	at new m (/snap/code/8/usr/share/code/resources/app/out/vs/workbench/services/extensions/node/extensionHostProcess.js:334:312)
	at new m (/snap/code/8/usr/share/code/resources/app/out/vs/workbench/services/extensions/node/extensionHostProcess.js:333:525)
	at asPosition (/home/mostafa/.vscode/extensions/felixfbecker.php-intellisense-2.3.10/node_modules/vscode-languageclient/lib/protocolConverter.js:53:16)
	at asRange (/home/mostafa/.vscode/extensions/felixfbecker.php-intellisense-2.3.10/node_modules/vscode-languageclient/lib/protocolConverter.js:59:31)
	at asHover (/home/mostafa/.vscode/extensions/felixfbecker.php-intellisense-2.3.10/node_modules/vscode-languageclient/lib/protocolConverter.js:134:63)
[2019-06-12 19:50:53.838] [exthost] [error] [felixfbecker.php-intellisense] provider FAILED
[2019-06-12 19:50:53.838] [exthost] [error] Error: Illegal argument: character must be non-negative
	at Object.t.illegalArgument (/snap/code/8/usr/share/code/resources/app/out/vs/workbench/services/extensions/node/extensionHostProcess.js:12:612)
	at new m (/snap/code/8/usr/share/code/resources/app/out/vs/workbench/services/extensions/node/extensionHostProcess.js:334:312)
	at new m (/snap/code/8/usr/share/code/resources/app/out/vs/workbench/services/extensions/node/extensionHostProcess.js:333:525)
	at asPosition (/home/mostafa/.vscode/extensions/felixfbecker.php-intellisense-2.3.10/node_modules/vscode-languageclient/lib/protocolConverter.js:53:16)
	at asRange (/home/mostafa/.vscode/extensions/felixfbecker.php-intellisense-2.3.10/node_modules/vscode-languageclient/lib/protocolConverter.js:59:31)
	at asHover (/home/mostafa/.vscode/extensions/felixfbecker.php-intellisense-2.3.10/node_modules/vscode-languageclient/lib/protocolConverter.js:134:63)
[2019-06-12 19:50:57.216] [exthost] [error] [felixfbecker.php-intellisense] provider FAILED
[2019-06-12 19:50:57.216] [exthost] [error] Error: Illegal argument: character must be non-negative
	at Object.t.illegalArgument (/snap/code/8/usr/share/code/resources/app/out/vs/workbench/services/extensions/node/extensionHostProcess.js:12:612)
	at new m (/snap/code/8/usr/share/code/resources/app/out/vs/workbench/services/extensions/node/extensionHostProcess.js:334:312)
	at new m (/snap/code/8/usr/share/code/resources/app/out/vs/workbench/services/extensions/node/extensionHostProcess.js:333:525)
	at asPosition (/home/mostafa/.vscode/extensions/felixfbecker.php-intellisense-2.3.10/node_modules/vscode-languageclient/lib/protocolConverter.js:53:16)
	at asRange (/home/mostafa/.vscode/extensions/felixfbecker.php-intellisense-2.3.10/node_modules/vscode-languageclient/lib/protocolConverter.js:59:31)
	at asHover (/home/mostafa/.vscode/extensions/felixfbecker.php-intellisense-2.3.10/node_modules/vscode-languageclient/lib/protocolConverter.js:134:63)
[2019-06-12 19:50:57.566] [exthost] [error] [felixfbecker.php-intellisense] provider FAILED
[2019-06-12 19:50:57.566] [exthost] [error] Error: Illegal argument: character must be non-negative
	at Object.t.illegalArgument (/snap/code/8/usr/share/code/resources/app/out/vs/workbench/services/extensions/node/extensionHostProcess.js:12:612)
	at new m (/snap/code/8/usr/share/code/resources/app/out/vs/workbench/services/extensions/node/extensionHostProcess.js:334:312)
	at new m (/snap/code/8/usr/share/code/resources/app/out/vs/workbench/services/extensions/node/extensionHostProcess.js:333:525)
	at asPosition (/home/mostafa/.vscode/extensions/felixfbecker.php-intellisense-2.3.10/node_modules/vscode-languageclient/lib/protocolConverter.js:53:16)
	at asRange (/home/mostafa/.vscode/extensions/felixfbecker.php-intellisense-2.3.10/node_modules/vscode-languageclient/lib/protocolConverter.js:59:31)
	at asHover (/home/mostafa/.vscode/extensions/felixfbecker.php-intellisense-2.3.10/node_modules/vscode-languageclient/lib/protocolConverter.js:134:63)
[2019-06-12 20:46:40.191] [exthost] [error] [felixfbecker.php-intellisense] provider FAILED
[2019-06-12 20:46:40.192] [exthost] [error] Error: Illegal argument: character must be non-negative
	at Object.t.illegalArgument (/snap/code/8/usr/share/code/resources/app/out/vs/workbench/services/extensions/node/extensionHostProcess.js:12:612)
	at new m (/snap/code/8/usr/share/code/resources/app/out/vs/workbench/services/extensions/node/extensionHostProcess.js:334:312)
	at new m (/snap/code/8/usr/share/code/resources/app/out/vs/workbench/services/extensions/node/extensionHostProcess.js:333:525)
	at asPosition (/home/mostafa/.vscode/extensions/felixfbecker.php-intellisense-2.3.10/node_modules/vscode-languageclient/lib/protocolConverter.js:53:16)
	at asRange (/home/mostafa/.vscode/extensions/felixfbecker.php-intellisense-2.3.10/node_modules/vscode-languageclient/lib/protocolConverter.js:59:31)
	at asHover (/home/mostafa/.vscode/extensions/felixfbecker.php-intellisense-2.3.10/node_modules/vscode-languageclient/lib/protocolConverter.js:134:63)
[2019-06-12 20:48:21.830] [exthost] [error] [felixfbecker.php-intellisense] provider FAILED
[2019-06-12 20:48:21.830] [exthost] [error] Error: Illegal argument: character must be non-negative
	at Object.t.illegalArgument (/snap/code/8/usr/share/code/resources/app/out/vs/workbench/services/extensions/node/extensionHostProcess.js:12:612)
	at new m (/snap/code/8/usr/share/code/resources/app/out/vs/workbench/services/extensions/node/extensionHostProcess.js:334:312)
	at new m (/snap/code/8/usr/share/code/resources/app/out/vs/workbench/services/extensions/node/extensionHostProcess.js:333:525)
	at asPosition (/home/mostafa/.vscode/extensions/felixfbecker.php-intellisense-2.3.10/node_modules/vscode-languageclient/lib/protocolConverter.js:53:16)
	at asRange (/home/mostafa/.vscode/extensions/felixfbecker.php-intellisense-2.3.10/node_modules/vscode-languageclient/lib/protocolConverter.js:59:31)
	at asHover (/home/mostafa/.vscode/extensions/felixfbecker.php-intellisense-2.3.10/node_modules/vscode-languageclient/lib/protocolConverter.js:134:63)
